{"/data/projects/f9672b51-1577-4c40-81cc-9d002dfdf51c/src/app/index.tsx": {"path":"/data/projects/f9672b51-1577-4c40-81cc-9d002dfdf51c/src/app/index.tsx","statementMap":{"0":{"start":{"line":10,"column":17},"end":{"line":10,"column":36}},"1":{"start":{"line":11,"column":22},"end":{"line":11,"column":31}},"2":{"start":{"line":12,"column":16},"end":{"line":12,"column":37}},"3":{"start":{"line":14,"column":2},"end":{"line":53,"column":4}},"4":{"start":{"line":56,"column":15},"end":{"line":75,"column":2}}},"fnMap":{"0":{"name":"HomePage","decl":{"start":{"line":9,"column":24},"end":{"line":9,"column":32}},"loc":{"start":{"line":9,"column":35},"end":{"line":54,"column":1}},"line":9}},"branchMap":{"0":{"loc":{"start":{"line":34,"column":23},"end":{"line":34,"column":47}},"type":"cond-expr","locations":[{"start":{"line":34,"column":31},"end":{"line":34,"column":38}},{"start":{"line":34,"column":41},"end":{"line":34,"column":47}}],"line":34},"1":{"loc":{"start":{"line":44,"column":23},"end":{"line":44,"column":47}},"type":"cond-expr","locations":[{"start":{"line":44,"column":31},"end":{"line":44,"column":38}},{"start":{"line":44,"column":41},"end":{"line":44,"column":47}}],"line":44},"2":{"loc":{"start":{"line":65,"column":14},"end":{"line":65,"column":45}},"type":"cond-expr","locations":[{"start":{"line":65,"column":38},"end":{"line":65,"column":40}},{"start":{"line":65,"column":43},"end":{"line":65,"column":45}}],"line":65},"3":{"loc":{"start":{"line":72,"column":14},"end":{"line":72,"column":45}},"type":"cond-expr","locations":[{"start":{"line":72,"column":38},"end":{"line":72,"column":40}},{"start":{"line":72,"column":43},"end":{"line":72,"column":45}}],"line":72}},"s":{"0":0,"1":0,"2":0,"3":0,"4":0},"f":{"0":0},"b":{"0":[0,0],"1":[0,0],"2":[0,0],"3":[0,0]}}
,"/data/projects/f9672b51-1577-4c40-81cc-9d002dfdf51c/src/app/page.tsx": {"path":"/data/projects/f9672b51-1577-4c40-81cc-9d002dfdf51c/src/app/page.tsx","statementMap":{"0":{"start":{"line":8,"column":22},"end":{"line":8,"column":31}},"1":{"start":{"line":9,"column":16},"end":{"line":9,"column":37}},"2":{"start":{"line":11,"column":2},"end":{"line":17,"column":4}}},"fnMap":{"0":{"name":"HomePage","decl":{"start":{"line":7,"column":24},"end":{"line":7,"column":32}},"loc":{"start":{"line":7,"column":35},"end":{"line":18,"column":1}},"line":7}},"branchMap":{"0":{"loc":{"start":{"line":12,"column":83},"end":{"line":12,"column":117}},"type":"cond-expr","locations":[{"start":{"line":12,"column":91},"end":{"line":12,"column":103}},{"start":{"line":12,"column":106},"end":{"line":12,"column":117}}],"line":12}},"s":{"0":0,"1":0,"2":0},"f":{"0":0},"b":{"0":[0,0]}}
,"/data/projects/f9672b51-1577-4c40-81cc-9d002dfdf51c/src/app/(game)/_layout.tsx": {"path":"/data/projects/f9672b51-1577-4c40-81cc-9d002dfdf51c/src/app/(game)/_layout.tsx","statementMap":{"0":{"start":{"line":8,"column":41},"end":{"line":8,"column":50}},"1":{"start":{"line":10,"column":2},"end":{"line":17,"column":3}},"2":{"start":{"line":11,"column":4},"end":{"line":16,"column":6}},"3":{"start":{"line":19,"column":2},"end":{"line":24,"column":3}},"4":{"start":{"line":23,"column":4},"end":{"line":23,"column":69}},"5":{"start":{"line":26,"column":2},"end":{"line":32,"column":4}}},"fnMap":{"0":{"name":"GameLayout","decl":{"start":{"line":7,"column":24},"end":{"line":7,"column":34}},"loc":{"start":{"line":7,"column":37},"end":{"line":33,"column":1}},"line":7}},"branchMap":{"0":{"loc":{"start":{"line":10,"column":2},"end":{"line":17,"column":3}},"type":"if","locations":[{"start":{"line":10,"column":2},"end":{"line":17,"column":3}},{"start":{},"end":{}}],"line":10},"1":{"loc":{"start":{"line":19,"column":2},"end":{"line":24,"column":3}},"type":"if","locations":[{"start":{"line":19,"column":2},"end":{"line":24,"column":3}},{"start":{},"end":{}}],"line":19},"2":{"loc":{"start":{"line":23,"column":27},"end":{"line":23,"column":64}},"type":"cond-expr","locations":[{"start":{"line":23,"column":51},"end":{"line":23,"column":58}},{"start":{"line":23,"column":61},"end":{"line":23,"column":64}}],"line":23}},"s":{"0":0,"1":0,"2":0,"3":0,"4":0,"5":0},"f":{"0":0},"b":{"0":[0,0],"1":[0,0],"2":[0,0]}}
,"/data/projects/f9672b51-1577-4c40-81cc-9d002dfdf51c/src/app/(game)/chat.tsx": {"path":"/data/projects/f9672b51-1577-4c40-81cc-9d002dfdf51c/src/app/(game)/chat.tsx","statementMap":{"0":{"start":{"line":11,"column":43},"end":{"line":11,"column":52}},"1":{"start":{"line":12,"column":16},"end":{"line":12,"column":26}},"2":{"start":{"line":15,"column":54},"end":{"line":15,"column":79}},"3":{"start":{"line":16,"column":34},"end":{"line":16,"column":61}},"4":{"start":{"line":17,"column":50},"end":{"line":17,"column":68}},"5":{"start":{"line":18,"column":44},"end":{"line":18,"column":58}},"6":{"start":{"line":20,"column":2},"end":{"line":45,"column":46}},"7":{"start":{"line":22,"column":25},"end":{"line":40,"column":5}},"8":{"start":{"line":23,"column":6},"end":{"line":23,"column":29}},"9":{"start":{"line":24,"column":6},"end":{"line":24,"column":62}},"10":{"start":{"line":24,"column":35},"end":{"line":24,"column":60}},"11":{"start":{"line":28,"column":6},"end":{"line":28,"column":52}},"12":{"start":{"line":31,"column":6},"end":{"line":38,"column":7}},"13":{"start":{"line":32,"column":8},"end":{"line":35,"column":11}},"14":{"start":{"line":37,"column":8},"end":{"line":37,"column":24}},"15":{"start":{"line":39,"column":6},"end":{"line":39,"column":30}},"16":{"start":{"line":42,"column":4},"end":{"line":44,"column":5}},"17":{"start":{"line":43,"column":6},"end":{"line":43,"column":21}},"18":{"start":{"line":47,"column":28},"end":{"line":60,"column":3}},"19":{"start":{"line":48,"column":4},"end":{"line":48,"column":45}},"20":{"start":{"line":48,"column":38},"end":{"line":48,"column":45}},"21":{"start":{"line":50,"column":36},"end":{"line":56,"column":5}},"22":{"start":{"line":57,"column":4},"end":{"line":57,"column":49}},"23":{"start":{"line":57,"column":26},"end":{"line":57,"column":47}},"24":{"start":{"line":59,"column":4},"end":{"line":59,"column":48}},"25":{"start":{"line":62,"column":2},"end":{"line":69,"column":3}},"26":{"start":{"line":63,"column":4},"end":{"line":68,"column":6}},"27":{"start":{"line":71,"column":2},"end":{"line":77,"column":3}},"28":{"start":{"line":72,"column":4},"end":{"line":76,"column":6}},"29":{"start":{"line":79,"column":2},"end":{"line":132,"column":4}},"30":{"start":{"line":97,"column":16},"end":{"line":106,"column":35}},"31":{"start":{"line":103,"column":33},"end":{"line":103,"column":64}},"32":{"start":{"line":120,"column":22},"end":{"line":121,"column":90}},"33":{"start":{"line":135,"column":15},"end":{"line":224,"column":2}}},"fnMap":{"0":{"name":"GameChatScreen","decl":{"start":{"line":10,"column":24},"end":{"line":10,"column":38}},"loc":{"start":{"line":10,"column":41},"end":{"line":133,"column":1}},"line":10},"1":{"name":"(anonymous_1)","decl":{"start":{"line":20,"column":12},"end":{"line":20,"column":13}},"loc":{"start":{"line":20,"column":18},"end":{"line":45,"column":3}},"line":20},"2":{"name":"(anonymous_2)","decl":{"start":{"line":22,"column":25},"end":{"line":22,"column":26}},"loc":{"start":{"line":22,"column":37},"end":{"line":40,"column":5}},"line":22},"3":{"name":"(anonymous_3)","decl":{"start":{"line":24,"column":24},"end":{"line":24,"column":25}},"loc":{"start":{"line":24,"column":35},"end":{"line":24,"column":60}},"line":24},"4":{"name":"(anonymous_4)","decl":{"start":{"line":47,"column":28},"end":{"line":47,"column":29}},"loc":{"start":{"line":47,"column":60},"end":{"line":60,"column":3}},"line":47},"5":{"name":"(anonymous_5)","decl":{"start":{"line":57,"column":16},"end":{"line":57,"column":17}},"loc":{"start":{"line":57,"column":26},"end":{"line":57,"column":47}},"line":57},"6":{"name":"(anonymous_6)","decl":{"start":{"line":96,"column":36},"end":{"line":96,"column":37}},"loc":{"start":{"line":97,"column":16},"end":{"line":106,"column":35}},"line":97},"7":{"name":"(anonymous_7)","decl":{"start":{"line":103,"column":27},"end":{"line":103,"column":28}},"loc":{"start":{"line":103,"column":33},"end":{"line":103,"column":64}},"line":103},"8":{"name":"(anonymous_8)","decl":{"start":{"line":119,"column":20},"end":{"line":119,"column":21}},"loc":{"start":{"line":120,"column":22},"end":{"line":121,"column":90}},"line":120}},"branchMap":{"0":{"loc":{"start":{"line":31,"column":6},"end":{"line":38,"column":7}},"type":"if","locations":[{"start":{"line":31,"column":6},"end":{"line":38,"column":7}},{"start":{"line":36,"column":13},"end":{"line":38,"column":7}}],"line":31},"1":{"loc":{"start":{"line":33,"column":60},"end":{"line":33,"column":74}},"type":"binary-expr","locations":[{"start":{"line":33,"column":60},"end":{"line":33,"column":68}},{"start":{"line":33,"column":72},"end":{"line":33,"column":74}}],"line":33},"2":{"loc":{"start":{"line":34,"column":35},"end":{"line":34,"column":49}},"type":"binary-expr","locations":[{"start":{"line":34,"column":35},"end":{"line":34,"column":43}},{"start":{"line":34,"column":47},"end":{"line":34,"column":49}}],"line":34},"3":{"loc":{"start":{"line":42,"column":4},"end":{"line":44,"column":5}},"type":"if","locations":[{"start":{"line":42,"column":4},"end":{"line":44,"column":5}},{"start":{},"end":{}}],"line":42},"4":{"loc":{"start":{"line":42,"column":8},"end":{"line":42,"column":28}},"type":"binary-expr","locations":[{"start":{"line":42,"column":8},"end":{"line":42,"column":20}},{"start":{"line":42,"column":24},"end":{"line":42,"column":28}}],"line":42},"5":{"loc":{"start":{"line":48,"column":4},"end":{"line":48,"column":45}},"type":"if","locations":[{"start":{"line":48,"column":4},"end":{"line":48,"column":45}},{"start":{},"end":{}}],"line":48},"6":{"loc":{"start":{"line":48,"column":8},"end":{"line":48,"column":36}},"type":"binary-expr","locations":[{"start":{"line":48,"column":8},"end":{"line":48,"column":13}},{"start":{"line":48,"column":17},"end":{"line":48,"column":36}}],"line":48},"7":{"loc":{"start":{"line":62,"column":2},"end":{"line":69,"column":3}},"type":"if","locations":[{"start":{"line":62,"column":2},"end":{"line":69,"column":3}},{"start":{},"end":{}}],"line":62},"8":{"loc":{"start":{"line":62,"column":6},"end":{"line":62,"column":34}},"type":"binary-expr","locations":[{"start":{"line":62,"column":6},"end":{"line":62,"column":17}},{"start":{"line":62,"column":21},"end":{"line":62,"column":34}}],"line":62},"9":{"loc":{"start":{"line":71,"column":2},"end":{"line":77,"column":3}},"type":"if","locations":[{"start":{"line":71,"column":2},"end":{"line":77,"column":3}},{"start":{},"end":{}}],"line":71},"10":{"loc":{"start":{"line":81,"column":82},"end":{"line":81,"column":115}},"type":"cond-expr","locations":[{"start":{"line":81,"column":90},"end":{"line":81,"column":100}},{"start":{"line":81,"column":103},"end":{"line":81,"column":115}}],"line":81},"11":{"loc":{"start":{"line":82,"column":49},"end":{"line":82,"column":73}},"type":"cond-expr","locations":[{"start":{"line":82,"column":57},"end":{"line":82,"column":64}},{"start":{"line":82,"column":67},"end":{"line":82,"column":73}}],"line":82},"12":{"loc":{"start":{"line":86,"column":9},"end":{"line":129,"column":9}},"type":"cond-expr","locations":[{"start":{"line":87,"column":10},"end":{"line":89,"column":17}},{"start":{"line":91,"column":10},"end":{"line":128,"column":17}}],"line":86},"13":{"loc":{"start":{"line":87,"column":59},"end":{"line":87,"column":83}},"type":"cond-expr","locations":[{"start":{"line":87,"column":67},"end":{"line":87,"column":74}},{"start":{"line":87,"column":77},"end":{"line":87,"column":83}}],"line":87},"14":{"loc":{"start":{"line":92,"column":60},"end":{"line":92,"column":84}},"type":"cond-expr","locations":[{"start":{"line":92,"column":68},"end":{"line":92,"column":75}},{"start":{"line":92,"column":78},"end":{"line":92,"column":84}}],"line":92},"15":{"loc":{"start":{"line":95,"column":63},"end":{"line":95,"column":92}},"type":"cond-expr","locations":[{"start":{"line":95,"column":71},"end":{"line":95,"column":84}},{"start":{"line":95,"column":87},"end":{"line":95,"column":92}}],"line":95},"16":{"loc":{"start":{"line":101,"column":20},"end":{"line":101,"column":80}},"type":"binary-expr","locations":[{"start":{"line":101,"column":20},"end":{"line":101,"column":51}},{"start":{"line":101,"column":55},"end":{"line":101,"column":80}}],"line":101},"17":{"loc":{"start":{"line":110,"column":13},"end":{"line":127,"column":13}},"type":"binary-expr","locations":[{"start":{"line":110,"column":13},"end":{"line":110,"column":31}},{"start":{"line":111,"column":14},"end":{"line":126,"column":21}}],"line":110},"18":{"loc":{"start":{"line":112,"column":64},"end":{"line":112,"column":88}},"type":"cond-expr","locations":[{"start":{"line":112,"column":72},"end":{"line":112,"column":79}},{"start":{"line":112,"column":82},"end":{"line":112,"column":88}}],"line":112},"19":{"loc":{"start":{"line":120,"column":22},"end":{"line":121,"column":90}},"type":"binary-expr","locations":[{"start":{"line":120,"column":23},"end":{"line":120,"column":47}},{"start":{"line":120,"column":51},"end":{"line":120,"column":89}},{"start":{"line":121,"column":23},"end":{"line":121,"column":58}},{"start":{"line":121,"column":62},"end":{"line":121,"column":89}}],"line":120},"20":{"loc":{"start":{"line":195,"column":20},"end":{"line":195,"column":67}},"type":"cond-expr","locations":[{"start":{"line":195,"column":44},"end":{"line":195,"column":56}},{"start":{"line":195,"column":59},"end":{"line":195,"column":67}}],"line":195}},"s":{"0":0,"1":0,"2":0,"3":0,"4":0,"5":0,"6":0,"7":0,"8":0,"9":0,"10":0,"11":0,"12":0,"13":0,"14":0,"15":0,"16":0,"17":0,"18":0,"19":0,"20":0,"21":0,"22":0,"23":0,"24":0,"25":0,"26":0,"27":0,"28":0,"29":0,"30":0,"31":0,"32":0,"33":0},"f":{"0":0,"1":0,"2":0,"3":0,"4":0,"5":0,"6":0,"7":0,"8":0},"b":{"0":[0,0],"1":[0,0],"2":[0,0],"3":[0,0],"4":[0,0],"5":[0,0],"6":[0,0],"7":[0,0],"8":[0,0],"9":[0,0],"10":[0,0],"11":[0,0],"12":[0,0],"13":[0,0],"14":[0,0],"15":[0,0],"16":[0,0],"17":[0,0],"18":[0,0],"19":[0,0,0,0],"20":[0,0]}}
,"/data/projects/f9672b51-1577-4c40-81cc-9d002dfdf51c/src/app/(game)/home.tsx": {"path":"/data/projects/f9672b51-1577-4c40-81cc-9d002dfdf51c/src/app/(game)/home.tsx","statementMap":{"0":{"start":{"line":16,"column":27},"end":{"line":16,"column":36}},"1":{"start":{"line":17,"column":16},"end":{"line":17,"column":26}},"2":{"start":{"line":18,"column":17},"end":{"line":18,"column":28}},"3":{"start":{"line":19,"column":47},"end":{"line":19,"column":63}},"4":{"start":{"line":22,"column":40},"end":{"line":22,"column":51}},"5":{"start":{"line":23,"column":48},"end":{"line":23,"column":76}},"6":{"start":{"line":25,"column":23},"end":{"line":28,"column":3}},"7":{"start":{"line":26,"column":4},"end":{"line":26,"column":19}},"8":{"start":{"line":27,"column":4},"end":{"line":27,"column":58}},"9":{"start":{"line":30,"column":26},"end":{"line":34,"column":3}},"10":{"start":{"line":31,"column":4},"end":{"line":31,"column":40}},"11":{"start":{"line":33,"column":4},"end":{"line":33,"column":45}},"12":{"start":{"line":36,"column":26},"end":{"line":38,"column":3}},"13":{"start":{"line":37,"column":4},"end":{"line":37,"column":37}},"14":{"start":{"line":40,"column":2},"end":{"line":132,"column":4}},"15":{"start":{"line":64,"column":12},"end":{"line":64,"column":58}},"16":{"start":{"line":66,"column":12},"end":{"line":66,"column":43}},"17":{"start":{"line":106,"column":29},"end":{"line":106,"column":56}},"18":{"start":{"line":123,"column":29},"end":{"line":123,"column":59}},"19":{"start":{"line":135,"column":15},"end":{"line":232,"column":2}}},"fnMap":{"0":{"name":"GameHome","decl":{"start":{"line":15,"column":24},"end":{"line":15,"column":32}},"loc":{"start":{"line":15,"column":35},"end":{"line":133,"column":1}},"line":15},"1":{"name":"(anonymous_1)","decl":{"start":{"line":25,"column":23},"end":{"line":25,"column":24}},"loc":{"start":{"line":25,"column":35},"end":{"line":28,"column":3}},"line":25},"2":{"name":"(anonymous_2)","decl":{"start":{"line":30,"column":26},"end":{"line":30,"column":27}},"loc":{"start":{"line":30,"column":45},"end":{"line":34,"column":3}},"line":30},"3":{"name":"(anonymous_3)","decl":{"start":{"line":36,"column":26},"end":{"line":36,"column":27}},"loc":{"start":{"line":36,"column":52},"end":{"line":38,"column":3}},"line":36},"4":{"name":"(anonymous_4)","decl":{"start":{"line":63,"column":28},"end":{"line":63,"column":29}},"loc":{"start":{"line":63,"column":44},"end":{"line":67,"column":11}},"line":63},"5":{"name":"(anonymous_5)","decl":{"start":{"line":106,"column":23},"end":{"line":106,"column":24}},"loc":{"start":{"line":106,"column":29},"end":{"line":106,"column":56}},"line":106},"6":{"name":"(anonymous_6)","decl":{"start":{"line":123,"column":23},"end":{"line":123,"column":24}},"loc":{"start":{"line":123,"column":29},"end":{"line":123,"column":59}},"line":123}},"branchMap":{"0":{"loc":{"start":{"line":27,"column":19},"end":{"line":27,"column":56}},"type":"cond-expr","locations":[{"start":{"line":27,"column":43},"end":{"line":27,"column":50}},{"start":{"line":27,"column":53},"end":{"line":27,"column":56}}],"line":27},"1":{"loc":{"start":{"line":42,"column":82},"end":{"line":42,"column":115}},"type":"cond-expr","locations":[{"start":{"line":42,"column":90},"end":{"line":42,"column":100}},{"start":{"line":42,"column":103},"end":{"line":42,"column":115}}],"line":42},"2":{"loc":{"start":{"line":43,"column":54},"end":{"line":43,"column":83}},"type":"cond-expr","locations":[{"start":{"line":43,"column":62},"end":{"line":43,"column":75}},{"start":{"line":43,"column":78},"end":{"line":43,"column":83}}],"line":43},"3":{"loc":{"start":{"line":44,"column":57},"end":{"line":44,"column":81}},"type":"cond-expr","locations":[{"start":{"line":44,"column":65},"end":{"line":44,"column":72}},{"start":{"line":44,"column":75},"end":{"line":44,"column":81}}],"line":44},"4":{"loc":{"start":{"line":45,"column":51},"end":{"line":45,"column":80}},"type":"binary-expr","locations":[{"start":{"line":45,"column":51},"end":{"line":45,"column":65}},{"start":{"line":45,"column":69},"end":{"line":45,"column":80}}],"line":45},"5":{"loc":{"start":{"line":52,"column":59},"end":{"line":52,"column":88}},"type":"cond-expr","locations":[{"start":{"line":52,"column":67},"end":{"line":52,"column":80}},{"start":{"line":52,"column":83},"end":{"line":52,"column":88}}],"line":52},"6":{"loc":{"start":{"line":53,"column":54},"end":{"line":53,"column":78}},"type":"cond-expr","locations":[{"start":{"line":53,"column":62},"end":{"line":53,"column":69}},{"start":{"line":53,"column":72},"end":{"line":53,"column":78}}],"line":53},"7":{"loc":{"start":{"line":57,"column":56},"end":{"line":57,"column":80}},"type":"cond-expr","locations":[{"start":{"line":57,"column":64},"end":{"line":57,"column":71}},{"start":{"line":57,"column":74},"end":{"line":57,"column":80}}],"line":57},"8":{"loc":{"start":{"line":71,"column":56},"end":{"line":71,"column":80}},"type":"cond-expr","locations":[{"start":{"line":71,"column":64},"end":{"line":71,"column":71}},{"start":{"line":71,"column":74},"end":{"line":71,"column":80}}],"line":71},"9":{"loc":{"start":{"line":77,"column":9},"end":{"line":112,"column":9}},"type":"binary-expr","locations":[{"start":{"line":77,"column":9},"end":{"line":77,"column":25}},{"start":{"line":78,"column":10},"end":{"line":111,"column":17}}],"line":77},"10":{"loc":{"start":{"line":79,"column":68},"end":{"line":79,"column":92}},"type":"cond-expr","locations":[{"start":{"line":79,"column":76},"end":{"line":79,"column":83}},{"start":{"line":79,"column":86},"end":{"line":79,"column":92}}],"line":79},"11":{"loc":{"start":{"line":82,"column":67},"end":{"line":82,"column":91}},"type":"cond-expr","locations":[{"start":{"line":82,"column":75},"end":{"line":82,"column":82}},{"start":{"line":82,"column":85},"end":{"line":82,"column":91}}],"line":82},"12":{"loc":{"start":{"line":107,"column":57},"end":{"line":107,"column":90}},"type":"cond-expr","locations":[{"start":{"line":107,"column":65},"end":{"line":107,"column":75}},{"start":{"line":107,"column":78},"end":{"line":107,"column":90}}],"line":107},"13":{"loc":{"start":{"line":114,"column":9},"end":{"line":129,"column":9}},"type":"binary-expr","locations":[{"start":{"line":114,"column":9},"end":{"line":114,"column":25}},{"start":{"line":115,"column":10},"end":{"line":128,"column":17}}],"line":114},"14":{"loc":{"start":{"line":116,"column":68},"end":{"line":116,"column":92}},"type":"cond-expr","locations":[{"start":{"line":116,"column":76},"end":{"line":116,"column":83}},{"start":{"line":116,"column":86},"end":{"line":116,"column":92}}],"line":116},"15":{"loc":{"start":{"line":119,"column":67},"end":{"line":119,"column":91}},"type":"cond-expr","locations":[{"start":{"line":119,"column":75},"end":{"line":119,"column":82}},{"start":{"line":119,"column":85},"end":{"line":119,"column":91}}],"line":119},"16":{"loc":{"start":{"line":124,"column":57},"end":{"line":124,"column":90}},"type":"cond-expr","locations":[{"start":{"line":124,"column":65},"end":{"line":124,"column":75}},{"start":{"line":124,"column":78},"end":{"line":124,"column":90}}],"line":124}},"s":{"0":0,"1":0,"2":0,"3":0,"4":0,"5":0,"6":0,"7":0,"8":0,"9":0,"10":0,"11":0,"12":0,"13":0,"14":0,"15":0,"16":0,"17":0,"18":0,"19":0},"f":{"0":0,"1":0,"2":0,"3":0,"4":0,"5":0,"6":0},"b":{"0":[0,0],"1":[0,0],"2":[0,0],"3":[0,0],"4":[0,0],"5":[0,0],"6":[0,0],"7":[0,0],"8":[0,0],"9":[0,0],"10":[0,0],"11":[0,0],"12":[0,0],"13":[0,0],"14":[0,0],"15":[0,0],"16":[0,0]}}
,"/data/projects/f9672b51-1577-4c40-81cc-9d002dfdf51c/src/app/(game)/minigame/[id].tsx": {"path":"/data/projects/f9672b51-1577-4c40-81cc-9d002dfdf51c/src/app/(game)/minigame/[id].tsx","statementMap":{"0":{"start":{"line":12,"column":17},"end":{"line":12,"column":39}},"1":{"start":{"line":13,"column":17},"end":{"line":13,"column":28}},"2":{"start":{"line":14,"column":16},"end":{"line":14,"column":26}},"3":{"start":{"line":15,"column":54},"end":{"line":15,"column":63}},"4":{"start":{"line":16,"column":33},"end":{"line":16,"column":49}},"5":{"start":{"line":18,"column":44},"end":{"line":18,"column":58}},"6":{"start":{"line":19,"column":38},"end":{"line":19,"column":100}},"7":{"start":{"line":20,"column":32},"end":{"line":20,"column":43}},"8":{"start":{"line":22,"column":2},"end":{"line":26,"column":45}},"9":{"start":{"line":23,"column":4},"end":{"line":25,"column":5}},"10":{"start":{"line":24,"column":6},"end":{"line":24,"column":60}},"11":{"start":{"line":28,"column":26},"end":{"line":30,"column":3}},"12":{"start":{"line":29,"column":4},"end":{"line":29,"column":28}},"13":{"start":{"line":32,"column":29},"end":{"line":37,"column":3}},"14":{"start":{"line":33,"column":4},"end":{"line":33,"column":65}},"15":{"start":{"line":34,"column":25},"end":{"line":34,"column":47}},"16":{"start":{"line":35,"column":4},"end":{"line":35,"column":37}},"17":{"start":{"line":36,"column":4},"end":{"line":36,"column":43}},"18":{"start":{"line":39,"column":26},"end":{"line":43,"column":3}},"19":{"start":{"line":40,"column":4},"end":{"line":40,"column":24}},"20":{"start":{"line":41,"column":4},"end":{"line":41,"column":27}},"21":{"start":{"line":42,"column":4},"end":{"line":42,"column":33}},"22":{"start":{"line":42,"column":23},"end":{"line":42,"column":31}},"23":{"start":{"line":45,"column":2},"end":{"line":52,"column":3}},"24":{"start":{"line":46,"column":4},"end":{"line":51,"column":6}},"25":{"start":{"line":54,"column":2},"end":{"line":56,"column":3}},"26":{"start":{"line":55,"column":4},"end":{"line":55,"column":16}},"27":{"start":{"line":58,"column":2},"end":{"line":108,"column":4}},"28":{"start":{"line":99,"column":29},"end":{"line":99,"column":59}},"29":{"start":{"line":111,"column":15},"end":{"line":182,"column":2}}},"fnMap":{"0":{"name":"MinigameScreen","decl":{"start":{"line":11,"column":24},"end":{"line":11,"column":38}},"loc":{"start":{"line":11,"column":41},"end":{"line":109,"column":1}},"line":11},"1":{"name":"(anonymous_1)","decl":{"start":{"line":22,"column":12},"end":{"line":22,"column":13}},"loc":{"start":{"line":22,"column":18},"end":{"line":26,"column":3}},"line":22},"2":{"name":"(anonymous_2)","decl":{"start":{"line":28,"column":26},"end":{"line":28,"column":27}},"loc":{"start":{"line":28,"column":32},"end":{"line":30,"column":3}},"line":28},"3":{"name":"(anonymous_3)","decl":{"start":{"line":32,"column":29},"end":{"line":32,"column":30}},"loc":{"start":{"line":32,"column":48},"end":{"line":37,"column":3}},"line":32},"4":{"name":"(anonymous_4)","decl":{"start":{"line":39,"column":26},"end":{"line":39,"column":27}},"loc":{"start":{"line":39,"column":32},"end":{"line":43,"column":3}},"line":39},"5":{"name":"(anonymous_5)","decl":{"start":{"line":42,"column":15},"end":{"line":42,"column":16}},"loc":{"start":{"line":42,"column":23},"end":{"line":42,"column":31}},"line":42},"6":{"name":"(anonymous_6)","decl":{"start":{"line":99,"column":23},"end":{"line":99,"column":24}},"loc":{"start":{"line":99,"column":29},"end":{"line":99,"column":59}},"line":99}},"branchMap":{"0":{"loc":{"start":{"line":23,"column":4},"end":{"line":25,"column":5}},"type":"if","locations":[{"start":{"line":23,"column":4},"end":{"line":25,"column":5}},{"start":{},"end":{}}],"line":23},"1":{"loc":{"start":{"line":23,"column":8},"end":{"line":23,"column":40}},"type":"binary-expr","locations":[{"start":{"line":23,"column":8},"end":{"line":23,"column":24}},{"start":{"line":23,"column":28},"end":{"line":23,"column":40}}],"line":23},"2":{"loc":{"start":{"line":24,"column":21},"end":{"line":24,"column":58}},"type":"cond-expr","locations":[{"start":{"line":24,"column":45},"end":{"line":24,"column":52}},{"start":{"line":24,"column":55},"end":{"line":24,"column":58}}],"line":24},"3":{"loc":{"start":{"line":45,"column":2},"end":{"line":52,"column":3}},"type":"if","locations":[{"start":{"line":45,"column":2},"end":{"line":52,"column":3}},{"start":{},"end":{}}],"line":45},"4":{"loc":{"start":{"line":54,"column":2},"end":{"line":56,"column":3}},"type":"if","locations":[{"start":{"line":54,"column":2},"end":{"line":56,"column":3}},{"start":{},"end":{}}],"line":54},"5":{"loc":{"start":{"line":60,"column":52},"end":{"line":60,"column":85}},"type":"cond-expr","locations":[{"start":{"line":60,"column":60},"end":{"line":60,"column":70}},{"start":{"line":60,"column":73},"end":{"line":60,"column":85}}],"line":60},"6":{"loc":{"start":{"line":61,"column":49},"end":{"line":61,"column":73}},"type":"cond-expr","locations":[{"start":{"line":61,"column":57},"end":{"line":61,"column":64}},{"start":{"line":61,"column":67},"end":{"line":61,"column":73}}],"line":61},"7":{"loc":{"start":{"line":66,"column":9},"end":{"line":71,"column":9}},"type":"binary-expr","locations":[{"start":{"line":66,"column":9},"end":{"line":66,"column":22}},{"start":{"line":66,"column":26},"end":{"line":66,"column":37}},{"start":{"line":67,"column":10},"end":{"line":70,"column":17}}],"line":66},"8":{"loc":{"start":{"line":73,"column":9},"end":{"line":105,"column":9}},"type":"cond-expr","locations":[{"start":{"line":74,"column":10},"end":{"line":80,"column":12}},{"start":{"line":82,"column":10},"end":{"line":104,"column":17}}],"line":73},"9":{"loc":{"start":{"line":82,"column":66},"end":{"line":82,"column":99}},"type":"cond-expr","locations":[{"start":{"line":82,"column":74},"end":{"line":82,"column":84}},{"start":{"line":82,"column":87},"end":{"line":82,"column":99}}],"line":82},"10":{"loc":{"start":{"line":83,"column":59},"end":{"line":83,"column":83}},"type":"cond-expr","locations":[{"start":{"line":83,"column":67},"end":{"line":83,"column":74}},{"start":{"line":83,"column":77},"end":{"line":83,"column":83}}],"line":83},"11":{"loc":{"start":{"line":86,"column":58},"end":{"line":86,"column":82}},"type":"cond-expr","locations":[{"start":{"line":86,"column":66},"end":{"line":86,"column":73}},{"start":{"line":86,"column":76},"end":{"line":86,"column":82}}],"line":86},"12":{"loc":{"start":{"line":89,"column":58},"end":{"line":89,"column":82}},"type":"cond-expr","locations":[{"start":{"line":89,"column":66},"end":{"line":89,"column":73}},{"start":{"line":89,"column":76},"end":{"line":89,"column":82}}],"line":89},"13":{"loc":{"start":{"line":94,"column":56},"end":{"line":94,"column":89}},"type":"cond-expr","locations":[{"start":{"line":94,"column":64},"end":{"line":94,"column":74}},{"start":{"line":94,"column":77},"end":{"line":94,"column":89}}],"line":94},"14":{"loc":{"start":{"line":100,"column":75},"end":{"line":100,"column":108}},"type":"cond-expr","locations":[{"start":{"line":100,"column":83},"end":{"line":100,"column":93}},{"start":{"line":100,"column":96},"end":{"line":100,"column":108}}],"line":100}},"s":{"0":0,"1":0,"2":0,"3":0,"4":0,"5":0,"6":0,"7":0,"8":0,"9":0,"10":0,"11":0,"12":0,"13":0,"14":0,"15":0,"16":0,"17":0,"18":0,"19":0,"20":0,"21":0,"22":0,"23":0,"24":0,"25":0,"26":0,"27":0,"28":0,"29":0},"f":{"0":0,"1":0,"2":0,"3":0,"4":0,"5":0,"6":0},"b":{"0":[0,0],"1":[0,0],"2":[0,0],"3":[0,0],"4":[0,0],"5":[0,0],"6":[0,0],"7":[0,0,0],"8":[0,0],"9":[0,0],"10":[0,0],"11":[0,0],"12":[0,0],"13":[0,0],"14":[0,0]}}
,"/data/projects/f9672b51-1577-4c40-81cc-9d002dfdf51c/src/app/(parent)/_layout.tsx": {"path":"/data/projects/f9672b51-1577-4c40-81cc-9d002dfdf51c/src/app/(parent)/_layout.tsx","statementMap":{"0":{"start":{"line":8,"column":41},"end":{"line":8,"column":50}},"1":{"start":{"line":10,"column":2},"end":{"line":17,"column":3}},"2":{"start":{"line":11,"column":4},"end":{"line":16,"column":6}},"3":{"start":{"line":19,"column":2},"end":{"line":24,"column":3}},"4":{"start":{"line":23,"column":4},"end":{"line":23,"column":69}},"5":{"start":{"line":26,"column":2},"end":{"line":31,"column":4}}},"fnMap":{"0":{"name":"ParentLayout","decl":{"start":{"line":7,"column":24},"end":{"line":7,"column":36}},"loc":{"start":{"line":7,"column":39},"end":{"line":32,"column":1}},"line":7}},"branchMap":{"0":{"loc":{"start":{"line":10,"column":2},"end":{"line":17,"column":3}},"type":"if","locations":[{"start":{"line":10,"column":2},"end":{"line":17,"column":3}},{"start":{},"end":{}}],"line":10},"1":{"loc":{"start":{"line":19,"column":2},"end":{"line":24,"column":3}},"type":"if","locations":[{"start":{"line":19,"column":2},"end":{"line":24,"column":3}},{"start":{},"end":{}}],"line":19},"2":{"loc":{"start":{"line":23,"column":27},"end":{"line":23,"column":64}},"type":"cond-expr","locations":[{"start":{"line":23,"column":51},"end":{"line":23,"column":58}},{"start":{"line":23,"column":61},"end":{"line":23,"column":64}}],"line":23}},"s":{"0":0,"1":0,"2":0,"3":0,"4":0,"5":0},"f":{"0":0},"b":{"0":[0,0],"1":[0,0],"2":[0,0]}}
,"/data/projects/f9672b51-1577-4c40-81cc-9d002dfdf51c/src/app/(parent)/dashboard.tsx": {"path":"/data/projects/f9672b51-1577-4c40-81cc-9d002dfdf51c/src/app/(parent)/dashboard.tsx","statementMap":{"0":{"start":{"line":12,"column":47},"end":{"line":12,"column":56}},"1":{"start":{"line":13,"column":16},"end":{"line":13,"column":26}},"2":{"start":{"line":14,"column":46},"end":{"line":14,"column":61}},"3":{"start":{"line":15,"column":50},"end":{"line":15,"column":76}},"4":{"start":{"line":16,"column":58},"end":{"line":16,"column":73}},"5":{"start":{"line":18,"column":2},"end":{"line":25,"column":3}},"6":{"start":{"line":19,"column":4},"end":{"line":24,"column":6}},"7":{"start":{"line":27,"column":2},"end":{"line":37,"column":3}},"8":{"start":{"line":30,"column":4},"end":{"line":36,"column":6}},"9":{"start":{"line":40,"column":23},"end":{"line":43,"column":3}},"10":{"start":{"line":46,"column":31},"end":{"line":65,"column":3}},"11":{"start":{"line":67,"column":32},"end":{"line":76,"column":3}},"12":{"start":{"line":68,"column":4},"end":{"line":68,"column":34}},"13":{"start":{"line":69,"column":4},"end":{"line":69,"column":53}},"14":{"start":{"line":71,"column":4},"end":{"line":71,"column":60}},"15":{"start":{"line":71,"column":33},"end":{"line":71,"column":58}},"16":{"start":{"line":73,"column":4},"end":{"line":73,"column":35}},"17":{"start":{"line":74,"column":4},"end":{"line":74,"column":29}},"18":{"start":{"line":75,"column":4},"end":{"line":75,"column":30}},"19":{"start":{"line":78,"column":31},"end":{"line":87,"column":3}},"20":{"start":{"line":79,"column":4},"end":{"line":79,"column":34}},"21":{"start":{"line":80,"column":4},"end":{"line":80,"column":53}},"22":{"start":{"line":82,"column":4},"end":{"line":82,"column":60}},"23":{"start":{"line":82,"column":33},"end":{"line":82,"column":58}},"24":{"start":{"line":84,"column":4},"end":{"line":84,"column":35}},"25":{"start":{"line":85,"column":4},"end":{"line":85,"column":29}},"26":{"start":{"line":86,"column":4},"end":{"line":86,"column":30}},"27":{"start":{"line":89,"column":28},"end":{"line":92,"column":3}},"28":{"start":{"line":90,"column":4},"end":{"line":90,"column":34}},"29":{"start":{"line":91,"column":4},"end":{"line":91,"column":28}},"30":{"start":{"line":94,"column":2},"end":{"line":215,"column":4}},"31":{"start":{"line":127,"column":12},"end":{"line":127,"column":62}},"32":{"start":{"line":158,"column":16},"end":{"line":192,"column":23}},"33":{"start":{"line":178,"column":35},"end":{"line":178,"column":62}},"34":{"start":{"line":205,"column":12},"end":{"line":205,"column":37}},"35":{"start":{"line":206,"column":12},"end":{"line":206,"column":38}}},"fnMap":{"0":{"name":"ParentDashboard","decl":{"start":{"line":11,"column":24},"end":{"line":11,"column":39}},"loc":{"start":{"line":11,"column":42},"end":{"line":216,"column":1}},"line":11},"1":{"name":"(anonymous_1)","decl":{"start":{"line":67,"column":32},"end":{"line":67,"column":33}},"loc":{"start":{"line":67,"column":62},"end":{"line":76,"column":3}},"line":67},"2":{"name":"(anonymous_2)","decl":{"start":{"line":71,"column":22},"end":{"line":71,"column":23}},"loc":{"start":{"line":71,"column":33},"end":{"line":71,"column":58}},"line":71},"3":{"name":"(anonymous_3)","decl":{"start":{"line":78,"column":31},"end":{"line":78,"column":32}},"loc":{"start":{"line":78,"column":61},"end":{"line":87,"column":3}},"line":78},"4":{"name":"(anonymous_4)","decl":{"start":{"line":82,"column":22},"end":{"line":82,"column":23}},"loc":{"start":{"line":82,"column":33},"end":{"line":82,"column":58}},"line":82},"5":{"name":"(anonymous_5)","decl":{"start":{"line":89,"column":28},"end":{"line":89,"column":29}},"loc":{"start":{"line":89,"column":47},"end":{"line":92,"column":3}},"line":89},"6":{"name":"(anonymous_6)","decl":{"start":{"line":126,"column":28},"end":{"line":126,"column":29}},"loc":{"start":{"line":127,"column":12},"end":{"line":127,"column":62}},"line":127},"7":{"name":"(anonymous_7)","decl":{"start":{"line":157,"column":40},"end":{"line":157,"column":41}},"loc":{"start":{"line":158,"column":16},"end":{"line":192,"column":23}},"line":158},"8":{"name":"(anonymous_8)","decl":{"start":{"line":178,"column":29},"end":{"line":178,"column":30}},"loc":{"start":{"line":178,"column":35},"end":{"line":178,"column":62}},"line":178},"9":{"name":"(anonymous_9)","decl":{"start":{"line":204,"column":19},"end":{"line":204,"column":20}},"loc":{"start":{"line":204,"column":25},"end":{"line":207,"column":11}},"line":204}},"branchMap":{"0":{"loc":{"start":{"line":18,"column":2},"end":{"line":25,"column":3}},"type":"if","locations":[{"start":{"line":18,"column":2},"end":{"line":25,"column":3}},{"start":{},"end":{}}],"line":18},"1":{"loc":{"start":{"line":27,"column":2},"end":{"line":37,"column":3}},"type":"if","locations":[{"start":{"line":27,"column":2},"end":{"line":37,"column":3}},{"start":{},"end":{}}],"line":27},"2":{"loc":{"start":{"line":27,"column":6},"end":{"line":27,"column":31}},"type":"binary-expr","locations":[{"start":{"line":27,"column":6},"end":{"line":27,"column":22}},{"start":{"line":27,"column":26},"end":{"line":27,"column":31}}],"line":27},"3":{"loc":{"start":{"line":97,"column":58},"end":{"line":97,"column":91}},"type":"cond-expr","locations":[{"start":{"line":97,"column":66},"end":{"line":97,"column":76}},{"start":{"line":97,"column":79},"end":{"line":97,"column":91}}],"line":97},"4":{"loc":{"start":{"line":105,"column":23},"end":{"line":105,"column":47}},"type":"cond-expr","locations":[{"start":{"line":105,"column":31},"end":{"line":105,"column":38}},{"start":{"line":105,"column":41},"end":{"line":105,"column":47}}],"line":105},"5":{"loc":{"start":{"line":118,"column":23},"end":{"line":118,"column":47}},"type":"cond-expr","locations":[{"start":{"line":118,"column":31},"end":{"line":118,"column":38}},{"start":{"line":118,"column":41},"end":{"line":118,"column":47}}],"line":118},"6":{"loc":{"start":{"line":138,"column":23},"end":{"line":138,"column":47}},"type":"cond-expr","locations":[{"start":{"line":138,"column":31},"end":{"line":138,"column":38}},{"start":{"line":138,"column":41},"end":{"line":138,"column":47}}],"line":138},"7":{"loc":{"start":{"line":155,"column":11},"end":{"line":199,"column":11}},"type":"cond-expr","locations":[{"start":{"line":156,"column":12},"end":{"line":194,"column":19}},{"start":{"line":196,"column":12},"end":{"line":198,"column":19}}],"line":155},"8":{"loc":{"start":{"line":161,"column":35},"end":{"line":161,"column":64}},"type":"cond-expr","locations":[{"start":{"line":161,"column":43},"end":{"line":161,"column":56}},{"start":{"line":161,"column":59},"end":{"line":161,"column":64}}],"line":161},"9":{"loc":{"start":{"line":169,"column":54},"end":{"line":169,"column":87}},"type":"cond-expr","locations":[{"start":{"line":169,"column":62},"end":{"line":169,"column":72}},{"start":{"line":169,"column":75},"end":{"line":169,"column":87}}],"line":169},"10":{"loc":{"start":{"line":170,"column":98},"end":{"line":170,"column":122}},"type":"cond-expr","locations":[{"start":{"line":170,"column":106},"end":{"line":170,"column":113}},{"start":{"line":170,"column":116},"end":{"line":170,"column":122}}],"line":170},"11":{"loc":{"start":{"line":173,"column":78},"end":{"line":173,"column":102}},"type":"cond-expr","locations":[{"start":{"line":173,"column":86},"end":{"line":173,"column":93}},{"start":{"line":173,"column":96},"end":{"line":173,"column":102}}],"line":173},"12":{"loc":{"start":{"line":174,"column":94},"end":{"line":174,"column":204}},"type":"cond-expr","locations":[{"start":{"line":174,"column":127},"end":{"line":174,"column":162}},{"start":{"line":174,"column":165},"end":{"line":174,"column":204}}],"line":174},"13":{"loc":{"start":{"line":184,"column":34},"end":{"line":184,"column":48}},"type":"cond-expr","locations":[{"start":{"line":184,"column":42},"end":{"line":184,"column":43}},{"start":{"line":184,"column":46},"end":{"line":184,"column":48}}],"line":184},"14":{"loc":{"start":{"line":185,"column":35},"end":{"line":185,"column":49}},"type":"cond-expr","locations":[{"start":{"line":185,"column":43},"end":{"line":185,"column":45}},{"start":{"line":185,"column":48},"end":{"line":185,"column":49}}],"line":185},"15":{"loc":{"start":{"line":196,"column":56},"end":{"line":196,"column":80}},"type":"cond-expr","locations":[{"start":{"line":196,"column":64},"end":{"line":196,"column":71}},{"start":{"line":196,"column":74},"end":{"line":196,"column":80}}],"line":196}},"s":{"0":0,"1":0,"2":0,"3":0,"4":0,"5":0,"6":0,"7":0,"8":0,"9":0,"10":0,"11":0,"12":0,"13":0,"14":0,"15":0,"16":0,"17":0,"18":0,"19":0,"20":0,"21":0,"22":0,"23":0,"24":0,"25":0,"26":0,"27":0,"28":0,"29":0,"30":0,"31":0,"32":0,"33":0,"34":0,"35":0},"f":{"0":0,"1":0,"2":0,"3":0,"4":0,"5":0,"6":0,"7":0,"8":0,"9":0},"b":{"0":[0,0],"1":[0,0],"2":[0,0],"3":[0,0],"4":[0,0],"5":[0,0],"6":[0,0],"7":[0,0],"8":[0,0],"9":[0,0],"10":[0,0],"11":[0,0],"12":[0,0],"13":[0,0],"14":[0,0],"15":[0,0]}}
,"/data/projects/f9672b51-1577-4c40-81cc-9d002dfdf51c/src/app/(settings)/_layout.tsx": {"path":"/data/projects/f9672b51-1577-4c40-81cc-9d002dfdf51c/src/app/(settings)/_layout.tsx","statementMap":{"0":{"start":{"line":8,"column":41},"end":{"line":8,"column":50}},"1":{"start":{"line":9,"column":16},"end":{"line":9,"column":26}},"2":{"start":{"line":11,"column":2},"end":{"line":24,"column":14}},"3":{"start":{"line":12,"column":4},"end":{"line":23,"column":5}},"4":{"start":{"line":16,"column":6},"end":{"line":22,"column":7}},"5":{"start":{"line":17,"column":8},"end":{"line":17,"column":36}},"6":{"start":{"line":18,"column":8},"end":{"line":18,"column":36}},"7":{"start":{"line":26,"column":2},"end":{"line":33,"column":3}},"8":{"start":{"line":27,"column":4},"end":{"line":32,"column":6}},"9":{"start":{"line":35,"column":2},"end":{"line":40,"column":3}},"10":{"start":{"line":39,"column":4},"end":{"line":39,"column":69}},"11":{"start":{"line":42,"column":2},"end":{"line":46,"column":4}}},"fnMap":{"0":{"name":"SettingsLayout","decl":{"start":{"line":7,"column":24},"end":{"line":7,"column":38}},"loc":{"start":{"line":7,"column":41},"end":{"line":47,"column":1}},"line":7},"1":{"name":"(anonymous_1)","decl":{"start":{"line":11,"column":12},"end":{"line":11,"column":13}},"loc":{"start":{"line":11,"column":18},"end":{"line":24,"column":3}},"line":11}},"branchMap":{"0":{"loc":{"start":{"line":12,"column":4},"end":{"line":23,"column":5}},"type":"if","locations":[{"start":{"line":12,"column":4},"end":{"line":23,"column":5}},{"start":{},"end":{}}],"line":12},"1":{"loc":{"start":{"line":16,"column":6},"end":{"line":22,"column":7}},"type":"if","locations":[{"start":{"line":16,"column":6},"end":{"line":22,"column":7}},{"start":{},"end":{}}],"line":16},"2":{"loc":{"start":{"line":26,"column":2},"end":{"line":33,"column":3}},"type":"if","locations":[{"start":{"line":26,"column":2},"end":{"line":33,"column":3}},{"start":{},"end":{}}],"line":26},"3":{"loc":{"start":{"line":35,"column":2},"end":{"line":40,"column":3}},"type":"if","locations":[{"start":{"line":35,"column":2},"end":{"line":40,"column":3}},{"start":{},"end":{}}],"line":35},"4":{"loc":{"start":{"line":39,"column":27},"end":{"line":39,"column":64}},"type":"cond-expr","locations":[{"start":{"line":39,"column":51},"end":{"line":39,"column":58}},{"start":{"line":39,"column":61},"end":{"line":39,"column":64}}],"line":39}},"s":{"0":0,"1":0,"2":0,"3":0,"4":0,"5":0,"6":0,"7":0,"8":0,"9":0,"10":0,"11":0},"f":{"0":0,"1":0},"b":{"0":[0,0],"1":[0,0],"2":[0,0],"3":[0,0],"4":[0,0]}}
,"/data/projects/f9672b51-1577-4c40-81cc-9d002dfdf51c/src/app/(settings)/settings.tsx": {"path":"/data/projects/f9672b51-1577-4c40-81cc-9d002dfdf51c/src/app/(settings)/settings.tsx","statementMap":{"0":{"start":{"line":11,"column":51},"end":{"line":11,"column":60}},"1":{"start":{"line":12,"column":16},"end":{"line":12,"column":26}},"2":{"start":{"line":13,"column":17},"end":{"line":13,"column":28}},"3":{"start":{"line":15,"column":58},"end":{"line":15,"column":72}},"4":{"start":{"line":16,"column":52},"end":{"line":16,"column":67}},"5":{"start":{"line":17,"column":40},"end":{"line":17,"column":69}},"6":{"start":{"line":18,"column":44},"end":{"line":18,"column":73}},"7":{"start":{"line":20,"column":31},"end":{"line":25,"column":3}},"8":{"start":{"line":21,"column":4},"end":{"line":21,"column":35}},"9":{"start":{"line":27,"column":36},"end":{"line":31,"column":3}},"10":{"start":{"line":28,"column":4},"end":{"line":28,"column":45}},"11":{"start":{"line":28,"column":38},"end":{"line":28,"column":43}},"12":{"start":{"line":30,"column":4},"end":{"line":30,"column":65}},"13":{"start":{"line":33,"column":30},"end":{"line":69,"column":3}},"14":{"start":{"line":34,"column":4},"end":{"line":68,"column":6}},"15":{"start":{"line":41,"column":25},"end":{"line":41,"column":66}},"16":{"start":{"line":47,"column":12},"end":{"line":47,"column":39}},"17":{"start":{"line":48,"column":12},"end":{"line":48,"column":33}},"18":{"start":{"line":49,"column":12},"end":{"line":49,"column":35}},"19":{"start":{"line":50,"column":12},"end":{"line":63,"column":13}},"20":{"start":{"line":52,"column":14},"end":{"line":52,"column":72}},"21":{"start":{"line":52,"column":45},"end":{"line":52,"column":70}},"22":{"start":{"line":53,"column":14},"end":{"line":53,"column":78}},"23":{"start":{"line":56,"column":14},"end":{"line":56,"column":88}},"24":{"start":{"line":57,"column":14},"end":{"line":57,"column":29}},"25":{"start":{"line":58,"column":14},"end":{"line":58,"column":68}},"26":{"start":{"line":60,"column":14},"end":{"line":60,"column":101}},"27":{"start":{"line":62,"column":14},"end":{"line":62,"column":42}},"28":{"start":{"line":71,"column":2},"end":{"line":78,"column":3}},"29":{"start":{"line":72,"column":4},"end":{"line":77,"column":6}},"30":{"start":{"line":80,"column":2},"end":{"line":86,"column":3}},"31":{"start":{"line":81,"column":4},"end":{"line":85,"column":6}},"32":{"start":{"line":88,"column":2},"end":{"line":154,"column":4}},"33":{"start":{"line":157,"column":15},"end":{"line":289,"column":2}}},"fnMap":{"0":{"name":"SettingsScreen","decl":{"start":{"line":10,"column":24},"end":{"line":10,"column":38}},"loc":{"start":{"line":10,"column":41},"end":{"line":155,"column":1}},"line":10},"1":{"name":"(anonymous_1)","decl":{"start":{"line":20,"column":31},"end":{"line":20,"column":32}},"loc":{"start":{"line":20,"column":59},"end":{"line":25,"column":3}},"line":20},"2":{"name":"(anonymous_2)","decl":{"start":{"line":27,"column":36},"end":{"line":27,"column":37}},"loc":{"start":{"line":27,"column":42},"end":{"line":31,"column":3}},"line":27},"3":{"name":"(anonymous_3)","decl":{"start":{"line":28,"column":28},"end":{"line":28,"column":29}},"loc":{"start":{"line":28,"column":38},"end":{"line":28,"column":43}},"line":28},"4":{"name":"(anonymous_4)","decl":{"start":{"line":33,"column":30},"end":{"line":33,"column":31}},"loc":{"start":{"line":33,"column":36},"end":{"line":69,"column":3}},"line":33},"5":{"name":"(anonymous_5)","decl":{"start":{"line":41,"column":19},"end":{"line":41,"column":20}},"loc":{"start":{"line":41,"column":25},"end":{"line":41,"column":66}},"line":41},"6":{"name":"(anonymous_6)","decl":{"start":{"line":46,"column":19},"end":{"line":46,"column":20}},"loc":{"start":{"line":46,"column":31},"end":{"line":64,"column":11}},"line":46},"7":{"name":"(anonymous_7)","decl":{"start":{"line":52,"column":32},"end":{"line":52,"column":33}},"loc":{"start":{"line":52,"column":45},"end":{"line":52,"column":70}},"line":52}},"branchMap":{"0":{"loc":{"start":{"line":58,"column":29},"end":{"line":58,"column":66}},"type":"cond-expr","locations":[{"start":{"line":58,"column":53},"end":{"line":58,"column":60}},{"start":{"line":58,"column":63},"end":{"line":58,"column":66}}],"line":58},"1":{"loc":{"start":{"line":60,"column":29},"end":{"line":60,"column":99}},"type":"binary-expr","locations":[{"start":{"line":60,"column":29},"end":{"line":60,"column":42}},{"start":{"line":60,"column":46},"end":{"line":60,"column":99}}],"line":60},"2":{"loc":{"start":{"line":71,"column":2},"end":{"line":78,"column":3}},"type":"if","locations":[{"start":{"line":71,"column":2},"end":{"line":78,"column":3}},{"start":{},"end":{}}],"line":71},"3":{"loc":{"start":{"line":80,"column":2},"end":{"line":86,"column":3}},"type":"if","locations":[{"start":{"line":80,"column":2},"end":{"line":86,"column":3}},{"start":{},"end":{}}],"line":80},"4":{"loc":{"start":{"line":90,"column":82},"end":{"line":90,"column":115}},"type":"cond-expr","locations":[{"start":{"line":90,"column":90},"end":{"line":90,"column":100}},{"start":{"line":90,"column":103},"end":{"line":90,"column":115}}],"line":90},"5":{"loc":{"start":{"line":91,"column":49},"end":{"line":91,"column":73}},"type":"cond-expr","locations":[{"start":{"line":91,"column":57},"end":{"line":91,"column":64}},{"start":{"line":91,"column":67},"end":{"line":91,"column":73}}],"line":91},"6":{"loc":{"start":{"line":97,"column":58},"end":{"line":97,"column":82}},"type":"cond-expr","locations":[{"start":{"line":97,"column":66},"end":{"line":97,"column":73}},{"start":{"line":97,"column":76},"end":{"line":97,"column":82}}],"line":97},"7":{"loc":{"start":{"line":105,"column":58},"end":{"line":105,"column":82}},"type":"cond-expr","locations":[{"start":{"line":105,"column":66},"end":{"line":105,"column":73}},{"start":{"line":105,"column":76},"end":{"line":105,"column":82}}],"line":105},"8":{"loc":{"start":{"line":109,"column":58},"end":{"line":109,"column":87}},"type":"cond-expr","locations":[{"start":{"line":109,"column":66},"end":{"line":109,"column":79}},{"start":{"line":109,"column":82},"end":{"line":109,"column":87}}],"line":109},"9":{"loc":{"start":{"line":115,"column":56},"end":{"line":115,"column":125}},"type":"cond-expr","locations":[{"start":{"line":115,"column":79},"end":{"line":115,"column":100}},{"start":{"line":115,"column":103},"end":{"line":115,"column":125}}],"line":115},"10":{"loc":{"start":{"line":116,"column":54},"end":{"line":116,"column":133}},"type":"cond-expr","locations":[{"start":{"line":116,"column":77},"end":{"line":116,"column":103}},{"start":{"line":116,"column":106},"end":{"line":116,"column":133}}],"line":116},"11":{"loc":{"start":{"line":119,"column":61},"end":{"line":119,"column":85}},"type":"cond-expr","locations":[{"start":{"line":119,"column":69},"end":{"line":119,"column":76}},{"start":{"line":119,"column":79},"end":{"line":119,"column":85}}],"line":119},"12":{"loc":{"start":{"line":120,"column":13},"end":{"line":120,"column":158}},"type":"cond-expr","locations":[{"start":{"line":120,"column":36},"end":{"line":120,"column":95}},{"start":{"line":120,"column":98},"end":{"line":120,"column":158}}],"line":120},"13":{"loc":{"start":{"line":126,"column":58},"end":{"line":126,"column":82}},"type":"cond-expr","locations":[{"start":{"line":126,"column":66},"end":{"line":126,"column":73}},{"start":{"line":126,"column":76},"end":{"line":126,"column":82}}],"line":126},"14":{"loc":{"start":{"line":129,"column":61},"end":{"line":129,"column":85}},"type":"cond-expr","locations":[{"start":{"line":129,"column":69},"end":{"line":129,"column":76}},{"start":{"line":129,"column":79},"end":{"line":129,"column":85}}],"line":129},"15":{"loc":{"start":{"line":132,"column":11},"end":{"line":134,"column":11}},"type":"binary-expr","locations":[{"start":{"line":132,"column":11},"end":{"line":132,"column":22}},{"start":{"line":133,"column":12},"end":{"line":133,"column":106}}],"line":132},"16":{"loc":{"start":{"line":133,"column":57},"end":{"line":133,"column":81}},"type":"cond-expr","locations":[{"start":{"line":133,"column":65},"end":{"line":133,"column":72}},{"start":{"line":133,"column":75},"end":{"line":133,"column":81}}],"line":133},"17":{"loc":{"start":{"line":135,"column":11},"end":{"line":137,"column":11}},"type":"binary-expr","locations":[{"start":{"line":135,"column":11},"end":{"line":135,"column":24}},{"start":{"line":136,"column":12},"end":{"line":136,"column":110}}],"line":135},"18":{"loc":{"start":{"line":136,"column":59},"end":{"line":136,"column":83}},"type":"cond-expr","locations":[{"start":{"line":136,"column":67},"end":{"line":136,"column":74}},{"start":{"line":136,"column":77},"end":{"line":136,"column":83}}],"line":136},"19":{"loc":{"start":{"line":139,"column":41},"end":{"line":139,"column":89}},"type":"binary-expr","locations":[{"start":{"line":139,"column":41},"end":{"line":139,"column":58}},{"start":{"line":139,"column":62},"end":{"line":139,"column":89}}],"line":139},"20":{"loc":{"start":{"line":139,"column":104},"end":{"line":139,"column":137}},"type":"cond-expr","locations":[{"start":{"line":139,"column":112},"end":{"line":139,"column":122}},{"start":{"line":139,"column":125},"end":{"line":139,"column":137}}],"line":139},"21":{"loc":{"start":{"line":143,"column":13},"end":{"line":149,"column":13}},"type":"cond-expr","locations":[{"start":{"line":144,"column":14},"end":{"line":144,"column":48}},{"start":{"line":146,"column":14},"end":{"line":148,"column":21}}],"line":143}},"s":{"0":0,"1":0,"2":0,"3":0,"4":0,"5":0,"6":0,"7":0,"8":0,"9":0,"10":0,"11":0,"12":0,"13":0,"14":0,"15":0,"16":0,"17":0,"18":0,"19":0,"20":0,"21":0,"22":0,"23":0,"24":0,"25":0,"26":0,"27":0,"28":0,"29":0,"30":0,"31":0,"32":0,"33":0},"f":{"0":0,"1":0,"2":0,"3":0,"4":0,"5":0,"6":0,"7":0},"b":{"0":[0,0],"1":[0,0],"2":[0,0],"3":[0,0],"4":[0,0],"5":[0,0],"6":[0,0],"7":[0,0],"8":[0,0],"9":[0,0],"10":[0,0],"11":[0,0],"12":[0,0],"13":[0,0],"14":[0,0],"15":[0,0],"16":[0,0],"17":[0,0],"18":[0,0],"19":[0,0],"20":[0,0],"21":[0,0]}}
,"/data/projects/f9672b51-1577-4c40-81cc-9d002dfdf51c/src/components/auth/AuthForm.tsx": {"path":"/data/projects/f9672b51-1577-4c40-81cc-9d002dfdf51c/src/components/auth/AuthForm.tsx","statementMap":{"0":{"start":{"line":14,"column":28},"end":{"line":14,"column":48}},"1":{"start":{"line":15,"column":34},"end":{"line":15,"column":54}},"2":{"start":{"line":16,"column":32},"end":{"line":16,"column":52}},"3":{"start":{"line":17,"column":26},"end":{"line":17,"column":53}},"4":{"start":{"line":18,"column":28},"end":{"line":18,"column":57}},"5":{"start":{"line":19,"column":46},"end":{"line":19,"column":75}},"6":{"start":{"line":20,"column":86},"end":{"line":20,"column":95}},"7":{"start":{"line":21,"column":17},"end":{"line":21,"column":28}},"8":{"start":{"line":23,"column":16},"end":{"line":23,"column":26}},"9":{"start":{"line":25,"column":2},"end":{"line":38,"column":38}},"10":{"start":{"line":26,"column":4},"end":{"line":37,"column":5}},"11":{"start":{"line":27,"column":6},"end":{"line":27,"column":80}},"12":{"start":{"line":28,"column":6},"end":{"line":28,"column":21}},"13":{"start":{"line":32,"column":6},"end":{"line":36,"column":7}},"14":{"start":{"line":33,"column":8},"end":{"line":33,"column":46}},"15":{"start":{"line":35,"column":8},"end":{"line":35,"column":39}},"16":{"start":{"line":40,"column":2},"end":{"line":46,"column":20}},"17":{"start":{"line":41,"column":4},"end":{"line":45,"column":5}},"18":{"start":{"line":42,"column":6},"end":{"line":42,"column":21}},"19":{"start":{"line":43,"column":6},"end":{"line":43,"column":21}},"20":{"start":{"line":44,"column":6},"end":{"line":44,"column":65}},"21":{"start":{"line":48,"column":23},"end":{"line":69,"column":3}},"22":{"start":{"line":49,"column":4},"end":{"line":49,"column":19}},"23":{"start":{"line":50,"column":4},"end":{"line":50,"column":28}},"24":{"start":{"line":52,"column":4},"end":{"line":68,"column":5}},"25":{"start":{"line":53,"column":6},"end":{"line":65,"column":7}},"26":{"start":{"line":54,"column":8},"end":{"line":54,"column":37}},"27":{"start":{"line":55,"column":8},"end":{"line":57,"column":9}},"28":{"start":{"line":56,"column":10},"end":{"line":56,"column":67}},"29":{"start":{"line":58,"column":13},"end":{"line":65,"column":7}},"30":{"start":{"line":59,"column":8},"end":{"line":59,"column":38}},"31":{"start":{"line":60,"column":8},"end":{"line":60,"column":66}},"32":{"start":{"line":61,"column":8},"end":{"line":61,"column":25}},"33":{"start":{"line":62,"column":13},"end":{"line":65,"column":7}},"34":{"start":{"line":63,"column":8},"end":{"line":63,"column":40}},"35":{"start":{"line":64,"column":8},"end":{"line":64,"column":63}},"36":{"start":{"line":67,"column":6},"end":{"line":67,"column":74}},"37":{"start":{"line":71,"column":21},"end":{"line":78,"column":3}},"38":{"start":{"line":72,"column":4},"end":{"line":72,"column":63}},"39":{"start":{"line":72,"column":23},"end":{"line":72,"column":60}},"40":{"start":{"line":73,"column":4},"end":{"line":73,"column":19}},"41":{"start":{"line":74,"column":4},"end":{"line":74,"column":28}},"42":{"start":{"line":75,"column":4},"end":{"line":75,"column":17}},"43":{"start":{"line":76,"column":4},"end":{"line":76,"column":20}},"44":{"start":{"line":77,"column":4},"end":{"line":77,"column":19}},"45":{"start":{"line":80,"column":2},"end":{"line":178,"column":4}},"46":{"start":{"line":181,"column":15},"end":{"line":278,"column":2}}},"fnMap":{"0":{"name":"AuthForm","decl":{"start":{"line":13,"column":16},"end":{"line":13,"column":24}},"loc":{"start":{"line":13,"column":27},"end":{"line":179,"column":1}},"line":13},"1":{"name":"(anonymous_1)","decl":{"start":{"line":25,"column":12},"end":{"line":25,"column":13}},"loc":{"start":{"line":25,"column":18},"end":{"line":38,"column":3}},"line":25},"2":{"name":"(anonymous_2)","decl":{"start":{"line":40,"column":12},"end":{"line":40,"column":13}},"loc":{"start":{"line":40,"column":18},"end":{"line":46,"column":3}},"line":40},"3":{"name":"(anonymous_3)","decl":{"start":{"line":48,"column":23},"end":{"line":48,"column":24}},"loc":{"start":{"line":48,"column":35},"end":{"line":69,"column":3}},"line":48},"4":{"name":"(anonymous_4)","decl":{"start":{"line":71,"column":21},"end":{"line":71,"column":22}},"loc":{"start":{"line":71,"column":27},"end":{"line":78,"column":3}},"line":71},"5":{"name":"(anonymous_5)","decl":{"start":{"line":72,"column":12},"end":{"line":72,"column":13}},"loc":{"start":{"line":72,"column":23},"end":{"line":72,"column":60}},"line":72}},"branchMap":{"0":{"loc":{"start":{"line":26,"column":4},"end":{"line":37,"column":5}},"type":"if","locations":[{"start":{"line":26,"column":4},"end":{"line":37,"column":5}},{"start":{},"end":{}}],"line":26},"1":{"loc":{"start":{"line":26,"column":8},"end":{"line":26,"column":31}},"type":"binary-expr","locations":[{"start":{"line":26,"column":8},"end":{"line":26,"column":23}},{"start":{"line":26,"column":27},"end":{"line":26,"column":31}}],"line":26},"2":{"loc":{"start":{"line":32,"column":6},"end":{"line":36,"column":7}},"type":"if","locations":[{"start":{"line":32,"column":6},"end":{"line":36,"column":7}},{"start":{"line":34,"column":13},"end":{"line":36,"column":7}}],"line":32},"3":{"loc":{"start":{"line":32,"column":10},"end":{"line":32,"column":57}},"type":"binary-expr","locations":[{"start":{"line":32,"column":10},"end":{"line":32,"column":32}},{"start":{"line":32,"column":36},"end":{"line":32,"column":57}}],"line":32},"4":{"loc":{"start":{"line":41,"column":4},"end":{"line":45,"column":5}},"type":"if","locations":[{"start":{"line":41,"column":4},"end":{"line":45,"column":5}},{"start":{},"end":{}}],"line":41},"5":{"loc":{"start":{"line":53,"column":6},"end":{"line":65,"column":7}},"type":"if","locations":[{"start":{"line":53,"column":6},"end":{"line":65,"column":7}},{"start":{"line":58,"column":13},"end":{"line":65,"column":7}}],"line":53},"6":{"loc":{"start":{"line":55,"column":8},"end":{"line":57,"column":9}},"type":"if","locations":[{"start":{"line":55,"column":8},"end":{"line":57,"column":9}},{"start":{},"end":{}}],"line":55},"7":{"loc":{"start":{"line":58,"column":13},"end":{"line":65,"column":7}},"type":"if","locations":[{"start":{"line":58,"column":13},"end":{"line":65,"column":7}},{"start":{"line":62,"column":13},"end":{"line":65,"column":7}}],"line":58},"8":{"loc":{"start":{"line":62,"column":13},"end":{"line":65,"column":7}},"type":"if","locations":[{"start":{"line":62,"column":13},"end":{"line":65,"column":7}},{"start":{},"end":{}}],"line":62},"9":{"loc":{"start":{"line":67,"column":15},"end":{"line":67,"column":72}},"type":"binary-expr","locations":[{"start":{"line":67,"column":15},"end":{"line":67,"column":26}},{"start":{"line":67,"column":30},"end":{"line":67,"column":72}}],"line":67},"10":{"loc":{"start":{"line":72,"column":23},"end":{"line":72,"column":60}},"type":"cond-expr","locations":[{"start":{"line":72,"column":42},"end":{"line":72,"column":50}},{"start":{"line":72,"column":53},"end":{"line":72,"column":60}}],"line":72},"11":{"loc":{"start":{"line":82,"column":47},"end":{"line":82,"column":71}},"type":"cond-expr","locations":[{"start":{"line":82,"column":55},"end":{"line":82,"column":62}},{"start":{"line":82,"column":65},"end":{"line":82,"column":71}}],"line":82},"12":{"loc":{"start":{"line":83,"column":9},"end":{"line":83,"column":64}},"type":"binary-expr","locations":[{"start":{"line":83,"column":9},"end":{"line":83,"column":25}},{"start":{"line":83,"column":29},"end":{"line":83,"column":64}}],"line":83},"13":{"loc":{"start":{"line":84,"column":9},"end":{"line":84,"column":66}},"type":"binary-expr","locations":[{"start":{"line":84,"column":9},"end":{"line":84,"column":26}},{"start":{"line":84,"column":30},"end":{"line":84,"column":66}}],"line":84},"14":{"loc":{"start":{"line":85,"column":9},"end":{"line":85,"column":60}},"type":"binary-expr","locations":[{"start":{"line":85,"column":9},"end":{"line":85,"column":23}},{"start":{"line":85,"column":27},"end":{"line":85,"column":60}}],"line":85},"15":{"loc":{"start":{"line":88,"column":7},"end":{"line":92,"column":7}},"type":"binary-expr","locations":[{"start":{"line":88,"column":7},"end":{"line":88,"column":12}},{"start":{"line":89,"column":8},"end":{"line":91,"column":15}}],"line":88},"16":{"loc":{"start":{"line":90,"column":55},"end":{"line":90,"column":79}},"type":"cond-expr","locations":[{"start":{"line":90,"column":63},"end":{"line":90,"column":70}},{"start":{"line":90,"column":73},"end":{"line":90,"column":79}}],"line":90},"17":{"loc":{"start":{"line":94,"column":7},"end":{"line":98,"column":7}},"type":"binary-expr","locations":[{"start":{"line":94,"column":7},"end":{"line":94,"column":21}},{"start":{"line":95,"column":8},"end":{"line":97,"column":15}}],"line":94},"18":{"loc":{"start":{"line":96,"column":57},"end":{"line":96,"column":81}},"type":"cond-expr","locations":[{"start":{"line":96,"column":65},"end":{"line":96,"column":72}},{"start":{"line":96,"column":75},"end":{"line":96,"column":81}}],"line":96},"19":{"loc":{"start":{"line":101,"column":9},"end":{"line":130,"column":9}},"type":"binary-expr","locations":[{"start":{"line":101,"column":10},"end":{"line":101,"column":26}},{"start":{"line":101,"column":30},"end":{"line":101,"column":47}},{"start":{"line":102,"column":10},"end":{"line":129,"column":13}}],"line":101},"20":{"loc":{"start":{"line":104,"column":55},"end":{"line":104,"column":79}},"type":"cond-expr","locations":[{"start":{"line":104,"column":63},"end":{"line":104,"column":70}},{"start":{"line":104,"column":73},"end":{"line":104,"column":79}}],"line":104},"21":{"loc":{"start":{"line":109,"column":51},"end":{"line":109,"column":75}},"type":"cond-expr","locations":[{"start":{"line":109,"column":59},"end":{"line":109,"column":66}},{"start":{"line":109,"column":69},"end":{"line":109,"column":75}}],"line":109},"22":{"loc":{"start":{"line":118,"column":55},"end":{"line":118,"column":79}},"type":"cond-expr","locations":[{"start":{"line":118,"column":63},"end":{"line":118,"column":70}},{"start":{"line":118,"column":73},"end":{"line":118,"column":79}}],"line":118},"23":{"loc":{"start":{"line":123,"column":51},"end":{"line":123,"column":75}},"type":"cond-expr","locations":[{"start":{"line":123,"column":59},"end":{"line":123,"column":66}},{"start":{"line":123,"column":69},"end":{"line":123,"column":75}}],"line":123},"24":{"loc":{"start":{"line":132,"column":9},"end":{"line":145,"column":9}},"type":"binary-expr","locations":[{"start":{"line":132,"column":9},"end":{"line":132,"column":23}},{"start":{"line":133,"column":10},"end":{"line":144,"column":17}}],"line":132},"25":{"loc":{"start":{"line":134,"column":53},"end":{"line":134,"column":77}},"type":"cond-expr","locations":[{"start":{"line":134,"column":61},"end":{"line":134,"column":68}},{"start":{"line":134,"column":71},"end":{"line":134,"column":77}}],"line":134},"26":{"loc":{"start":{"line":139,"column":49},"end":{"line":139,"column":73}},"type":"cond-expr","locations":[{"start":{"line":139,"column":57},"end":{"line":139,"column":64}},{"start":{"line":139,"column":67},"end":{"line":139,"column":73}}],"line":139},"27":{"loc":{"start":{"line":149,"column":33},"end":{"line":149,"column":67}},"type":"binary-expr","locations":[{"start":{"line":149,"column":33},"end":{"line":149,"column":42}},{"start":{"line":149,"column":46},"end":{"line":149,"column":67}}],"line":149},"28":{"loc":{"start":{"line":152,"column":11},"end":{"line":160,"column":11}},"type":"cond-expr","locations":[{"start":{"line":153,"column":12},"end":{"line":153,"column":46}},{"start":{"line":155,"column":12},"end":{"line":159,"column":19}}],"line":152},"29":{"loc":{"start":{"line":156,"column":15},"end":{"line":158,"column":59}},"type":"cond-expr","locations":[{"start":{"line":156,"column":34},"end":{"line":156,"column":70}},{"start":{"line":157,"column":16},"end":{"line":158,"column":59}}],"line":156},"30":{"loc":{"start":{"line":157,"column":16},"end":{"line":158,"column":59}},"type":"cond-expr","locations":[{"start":{"line":157,"column":36},"end":{"line":157,"column":73}},{"start":{"line":158,"column":18},"end":{"line":158,"column":59}}],"line":157},"31":{"loc":{"start":{"line":164,"column":7},"end":{"line":176,"column":7}},"type":"binary-expr","locations":[{"start":{"line":164,"column":8},"end":{"line":164,"column":24}},{"start":{"line":164,"column":28},"end":{"line":164,"column":45}},{"start":{"line":165,"column":8},"end":{"line":175,"column":15}}],"line":164},"32":{"loc":{"start":{"line":168,"column":19},"end":{"line":168,"column":53}},"type":"binary-expr","locations":[{"start":{"line":168,"column":19},"end":{"line":168,"column":28}},{"start":{"line":168,"column":32},"end":{"line":168,"column":53}}],"line":168},"33":{"loc":{"start":{"line":172,"column":15},"end":{"line":172,"column":120}},"type":"cond-expr","locations":[{"start":{"line":172,"column":34},"end":{"line":172,"column":75}},{"start":{"line":172,"column":78},"end":{"line":172,"column":120}}],"line":172},"34":{"loc":{"start":{"line":250,"column":8},"end":{"line":250,"column":57}},"type":"binary-expr","locations":[{"start":{"line":250,"column":8},"end":{"line":250,"column":29}},{"start":{"line":250,"column":33},"end":{"line":250,"column":57}}],"line":250}},"s":{"0":0,"1":0,"2":0,"3":0,"4":0,"5":0,"6":0,"7":0,"8":0,"9":0,"10":0,"11":0,"12":0,"13":0,"14":0,"15":0,"16":0,"17":0,"18":0,"19":0,"20":0,"21":0,"22":0,"23":0,"24":0,"25":0,"26":0,"27":0,"28":0,"29":0,"30":0,"31":0,"32":0,"33":0,"34":0,"35":0,"36":0,"37":0,"38":0,"39":0,"40":0,"41":0,"42":0,"43":0,"44":0,"45":0,"46":0},"f":{"0":0,"1":0,"2":0,"3":0,"4":0,"5":0},"b":{"0":[0,0],"1":[0,0],"2":[0,0],"3":[0,0],"4":[0,0],"5":[0,0],"6":[0,0],"7":[0,0],"8":[0,0],"9":[0,0],"10":[0,0],"11":[0,0],"12":[0,0],"13":[0,0],"14":[0,0],"15":[0,0],"16":[0,0],"17":[0,0],"18":[0,0],"19":[0,0,0],"20":[0,0],"21":[0,0],"22":[0,0],"23":[0,0],"24":[0,0],"25":[0,0],"26":[0,0],"27":[0,0],"28":[0,0],"29":[0,0],"30":[0,0],"31":[0,0,0],"32":[0,0],"33":[0,0],"34":[0,0]}}
,"/data/projects/f9672b51-1577-4c40-81cc-9d002dfdf51c/src/components/game/AdViewer.tsx": {"path":"/data/projects/f9672b51-1577-4c40-81cc-9d002dfdf51c/src/components/game/AdViewer.tsx","statementMap":{"0":{"start":{"line":12,"column":16},"end":{"line":12,"column":26}},"1":{"start":{"line":13,"column":78},"end":{"line":13,"column":94}},"2":{"start":{"line":14,"column":40},"end":{"line":14,"column":55}},"3":{"start":{"line":15,"column":34},"end":{"line":15,"column":45}},"4":{"start":{"line":16,"column":32},"end":{"line":16,"column":61}},"5":{"start":{"line":18,"column":24},"end":{"line":38,"column":3}},"6":{"start":{"line":19,"column":4},"end":{"line":19,"column":43}},"7":{"start":{"line":19,"column":36},"end":{"line":19,"column":43}},"8":{"start":{"line":21,"column":4},"end":{"line":21,"column":25}},"9":{"start":{"line":22,"column":4},"end":{"line":22,"column":21}},"10":{"start":{"line":23,"column":4},"end":{"line":37,"column":5}},"11":{"start":{"line":25,"column":6},"end":{"line":25,"column":62}},"12":{"start":{"line":25,"column":35},"end":{"line":25,"column":60}},"13":{"start":{"line":27,"column":21},"end":{"line":27,"column":36}},"14":{"start":{"line":28,"column":6},"end":{"line":28,"column":26}},"15":{"start":{"line":29,"column":6},"end":{"line":29,"column":26}},"16":{"start":{"line":31,"column":6},"end":{"line":31,"column":45}},"17":{"start":{"line":31,"column":23},"end":{"line":31,"column":37}},"18":{"start":{"line":34,"column":6},"end":{"line":34,"column":83}},"19":{"start":{"line":36,"column":6},"end":{"line":36,"column":28}},"20":{"start":{"line":40,"column":23},"end":{"line":40,"column":43}},"21":{"start":{"line":42,"column":2},"end":{"line":102,"column":4}},"22":{"start":{"line":105,"column":15},"end":{"line":193,"column":2}}},"fnMap":{"0":{"name":"AdViewer","decl":{"start":{"line":11,"column":16},"end":{"line":11,"column":24}},"loc":{"start":{"line":11,"column":57},"end":{"line":103,"column":1}},"line":11},"1":{"name":"(anonymous_1)","decl":{"start":{"line":18,"column":24},"end":{"line":18,"column":25}},"loc":{"start":{"line":18,"column":36},"end":{"line":38,"column":3}},"line":18},"2":{"name":"(anonymous_2)","decl":{"start":{"line":25,"column":24},"end":{"line":25,"column":25}},"loc":{"start":{"line":25,"column":35},"end":{"line":25,"column":60}},"line":25},"3":{"name":"(anonymous_3)","decl":{"start":{"line":31,"column":17},"end":{"line":31,"column":18}},"loc":{"start":{"line":31,"column":23},"end":{"line":31,"column":37}},"line":31}},"branchMap":{"0":{"loc":{"start":{"line":19,"column":4},"end":{"line":19,"column":43}},"type":"if","locations":[{"start":{"line":19,"column":4},"end":{"line":19,"column":43}},{"start":{},"end":{}}],"line":19},"1":{"loc":{"start":{"line":19,"column":8},"end":{"line":19,"column":34}},"type":"binary-expr","locations":[{"start":{"line":19,"column":8},"end":{"line":19,"column":19}},{"start":{"line":19,"column":23},"end":{"line":19,"column":34}}],"line":19},"2":{"loc":{"start":{"line":34,"column":17},"end":{"line":34,"column":81}},"type":"binary-expr","locations":[{"start":{"line":34,"column":17},"end":{"line":34,"column":30}},{"start":{"line":34,"column":34},"end":{"line":34,"column":81}}],"line":34},"3":{"loc":{"start":{"line":43,"column":50},"end":{"line":43,"column":83}},"type":"cond-expr","locations":[{"start":{"line":43,"column":58},"end":{"line":43,"column":68}},{"start":{"line":43,"column":71},"end":{"line":43,"column":83}}],"line":43},"4":{"loc":{"start":{"line":44,"column":47},"end":{"line":44,"column":71}},"type":"cond-expr","locations":[{"start":{"line":44,"column":55},"end":{"line":44,"column":62}},{"start":{"line":44,"column":65},"end":{"line":44,"column":71}}],"line":44},"5":{"loc":{"start":{"line":48,"column":7},"end":{"line":50,"column":7}},"type":"binary-expr","locations":[{"start":{"line":48,"column":7},"end":{"line":48,"column":14}},{"start":{"line":49,"column":8},"end":{"line":49,"column":98}}],"line":48},"6":{"loc":{"start":{"line":49,"column":53},"end":{"line":49,"column":77}},"type":"cond-expr","locations":[{"start":{"line":49,"column":61},"end":{"line":49,"column":68}},{"start":{"line":49,"column":71},"end":{"line":49,"column":77}}],"line":49},"7":{"loc":{"start":{"line":52,"column":7},"end":{"line":56,"column":7}},"type":"binary-expr","locations":[{"start":{"line":52,"column":7},"end":{"line":52,"column":19}},{"start":{"line":53,"column":8},"end":{"line":55,"column":15}}],"line":52},"8":{"loc":{"start":{"line":53,"column":55},"end":{"line":53,"column":79}},"type":"cond-expr","locations":[{"start":{"line":53,"column":63},"end":{"line":53,"column":70}},{"start":{"line":53,"column":73},"end":{"line":53,"column":79}}],"line":53},"9":{"loc":{"start":{"line":58,"column":55},"end":{"line":58,"column":84}},"type":"cond-expr","locations":[{"start":{"line":58,"column":63},"end":{"line":58,"column":76}},{"start":{"line":58,"column":79},"end":{"line":58,"column":84}}],"line":58},"10":{"loc":{"start":{"line":59,"column":54},"end":{"line":59,"column":78}},"type":"cond-expr","locations":[{"start":{"line":59,"column":62},"end":{"line":59,"column":69}},{"start":{"line":59,"column":72},"end":{"line":59,"column":78}}],"line":59},"11":{"loc":{"start":{"line":62,"column":54},"end":{"line":62,"column":78}},"type":"cond-expr","locations":[{"start":{"line":62,"column":62},"end":{"line":62,"column":69}},{"start":{"line":62,"column":72},"end":{"line":62,"column":78}}],"line":62},"12":{"loc":{"start":{"line":67,"column":7},"end":{"line":96,"column":7}},"type":"cond-expr","locations":[{"start":{"line":68,"column":8},"end":{"line":77,"column":15}},{"start":{"line":79,"column":8},"end":{"line":95,"column":27}}],"line":67},"13":{"loc":{"start":{"line":83,"column":12},"end":{"line":83,"column":75}},"type":"binary-expr","locations":[{"start":{"line":83,"column":13},"end":{"line":83,"column":24}},{"start":{"line":83,"column":28},"end":{"line":83,"column":42}},{"start":{"line":83,"column":47},"end":{"line":83,"column":75}}],"line":83},"14":{"loc":{"start":{"line":84,"column":25},"end":{"line":84,"column":58}},"type":"cond-expr","locations":[{"start":{"line":84,"column":33},"end":{"line":84,"column":43}},{"start":{"line":84,"column":46},"end":{"line":84,"column":58}}],"line":84},"15":{"loc":{"start":{"line":86,"column":20},"end":{"line":86,"column":49}},"type":"binary-expr","locations":[{"start":{"line":86,"column":20},"end":{"line":86,"column":31}},{"start":{"line":86,"column":35},"end":{"line":86,"column":49}}],"line":86},"16":{"loc":{"start":{"line":88,"column":11},"end":{"line":94,"column":11}},"type":"cond-expr","locations":[{"start":{"line":89,"column":12},"end":{"line":89,"column":46}},{"start":{"line":91,"column":12},"end":{"line":93,"column":19}}],"line":88},"17":{"loc":{"start":{"line":92,"column":15},"end":{"line":92,"column":130}},"type":"cond-expr","locations":[{"start":{"line":92,"column":28},"end":{"line":92,"column":77}},{"start":{"line":92,"column":80},"end":{"line":92,"column":130}}],"line":92},"18":{"loc":{"start":{"line":98,"column":56},"end":{"line":98,"column":80}},"type":"cond-expr","locations":[{"start":{"line":98,"column":64},"end":{"line":98,"column":71}},{"start":{"line":98,"column":74},"end":{"line":98,"column":80}}],"line":98}},"s":{"0":0,"1":0,"2":0,"3":0,"4":0,"5":0,"6":0,"7":0,"8":0,"9":0,"10":0,"11":0,"12":0,"13":0,"14":0,"15":0,"16":0,"17":0,"18":0,"19":0,"20":0,"21":0,"22":0},"f":{"0":0,"1":0,"2":0,"3":0},"b":{"0":[0,0],"1":[0,0],"2":[0,0],"3":[0,0],"4":[0,0],"5":[0,0],"6":[0,0],"7":[0,0],"8":[0,0],"9":[0,0],"10":[0,0],"11":[0,0],"12":[0,0],"13":[0,0,0],"14":[0,0],"15":[0,0],"16":[0,0],"17":[0,0],"18":[0,0]}}
,"/data/projects/f9672b51-1577-4c40-81cc-9d002dfdf51c/src/components/game/JobCard.tsx": {"path":"/data/projects/f9672b51-1577-4c40-81cc-9d002dfdf51c/src/components/game/JobCard.tsx","statementMap":{"0":{"start":{"line":23,"column":16},"end":{"line":23,"column":26}},"1":{"start":{"line":24,"column":21},"end":{"line":24,"column":49}},"2":{"start":{"line":26,"column":2},"end":{"line":54,"column":4}},"3":{"start":{"line":45,"column":23},"end":{"line":45,"column":41}},"4":{"start":{"line":57,"column":15},"end":{"line":114,"column":2}}},"fnMap":{"0":{"name":"JobCard","decl":{"start":{"line":15,"column":16},"end":{"line":15,"column":23}},"loc":{"start":{"line":22,"column":17},"end":{"line":55,"column":1}},"line":22},"1":{"name":"(anonymous_1)","decl":{"start":{"line":45,"column":17},"end":{"line":45,"column":18}},"loc":{"start":{"line":45,"column":23},"end":{"line":45,"column":41}},"line":45}},"branchMap":{"0":{"loc":{"start":{"line":27,"column":54},"end":{"line":27,"column":87}},"type":"cond-expr","locations":[{"start":{"line":27,"column":62},"end":{"line":27,"column":72}},{"start":{"line":27,"column":75},"end":{"line":27,"column":87}}],"line":27},"1":{"loc":{"start":{"line":28,"column":50},"end":{"line":28,"column":74}},"type":"cond-expr","locations":[{"start":{"line":28,"column":58},"end":{"line":28,"column":65}},{"start":{"line":28,"column":68},"end":{"line":28,"column":74}}],"line":28},"2":{"loc":{"start":{"line":31,"column":56},"end":{"line":31,"column":80}},"type":"cond-expr","locations":[{"start":{"line":31,"column":64},"end":{"line":31,"column":71}},{"start":{"line":31,"column":74},"end":{"line":31,"column":80}}],"line":31},"3":{"loc":{"start":{"line":34,"column":53},"end":{"line":34,"column":82}},"type":"cond-expr","locations":[{"start":{"line":34,"column":61},"end":{"line":34,"column":74}},{"start":{"line":34,"column":77},"end":{"line":34,"column":82}}],"line":34},"4":{"loc":{"start":{"line":35,"column":57},"end":{"line":35,"column":81}},"type":"cond-expr","locations":[{"start":{"line":35,"column":65},"end":{"line":35,"column":72}},{"start":{"line":35,"column":75},"end":{"line":35,"column":81}}],"line":35},"5":{"loc":{"start":{"line":38,"column":9},"end":{"line":42,"column":9}},"type":"binary-expr","locations":[{"start":{"line":38,"column":9},"end":{"line":38,"column":20}},{"start":{"line":39,"column":10},"end":{"line":41,"column":17}}],"line":38},"6":{"loc":{"start":{"line":39,"column":56},"end":{"line":39,"column":80}},"type":"cond-expr","locations":[{"start":{"line":39,"column":64},"end":{"line":39,"column":71}},{"start":{"line":39,"column":74},"end":{"line":39,"column":80}}],"line":39},"7":{"loc":{"start":{"line":46,"column":31},"end":{"line":46,"column":67}},"type":"binary-expr","locations":[{"start":{"line":46,"column":31},"end":{"line":46,"column":42}},{"start":{"line":46,"column":46},"end":{"line":46,"column":67}}],"line":46},"8":{"loc":{"start":{"line":46,"column":82},"end":{"line":46,"column":115}},"type":"cond-expr","locations":[{"start":{"line":46,"column":90},"end":{"line":46,"column":100}},{"start":{"line":46,"column":103},"end":{"line":46,"column":115}}],"line":46},"9":{"loc":{"start":{"line":50,"column":11},"end":{"line":50,"column":116}},"type":"cond-expr","locations":[{"start":{"line":50,"column":24},"end":{"line":50,"column":69}},{"start":{"line":50,"column":72},"end":{"line":50,"column":116}}],"line":50}},"s":{"0":0,"1":0,"2":0,"3":0,"4":0},"f":{"0":0,"1":0},"b":{"0":[0,0],"1":[0,0],"2":[0,0],"3":[0,0],"4":[0,0],"5":[0,0],"6":[0,0],"7":[0,0],"8":[0,0],"9":[0,0]}}
,"/data/projects/f9672b51-1577-4c40-81cc-9d002dfdf51c/src/components/game/PointDisplay.tsx": {"path":"/data/projects/f9672b51-1577-4c40-81cc-9d002dfdf51c/src/components/game/PointDisplay.tsx","statementMap":{"0":{"start":{"line":11,"column":16},"end":{"line":11,"column":26}},"1":{"start":{"line":13,"column":2},"end":{"line":18,"column":4}},"2":{"start":{"line":21,"column":15},"end":{"line":46,"column":2}}},"fnMap":{"0":{"name":"PointDisplay","decl":{"start":{"line":10,"column":16},"end":{"line":10,"column":28}},"loc":{"start":{"line":10,"column":60},"end":{"line":19,"column":1}},"line":10}},"branchMap":{"0":{"loc":{"start":{"line":14,"column":53},"end":{"line":14,"column":82}},"type":"cond-expr","locations":[{"start":{"line":14,"column":61},"end":{"line":14,"column":74}},{"start":{"line":14,"column":77},"end":{"line":14,"column":82}}],"line":14},"1":{"loc":{"start":{"line":15,"column":47},"end":{"line":15,"column":71}},"type":"cond-expr","locations":[{"start":{"line":15,"column":55},"end":{"line":15,"column":62}},{"start":{"line":15,"column":65},"end":{"line":15,"column":71}}],"line":15},"2":{"loc":{"start":{"line":16,"column":47},"end":{"line":16,"column":71}},"type":"cond-expr","locations":[{"start":{"line":16,"column":55},"end":{"line":16,"column":62}},{"start":{"line":16,"column":65},"end":{"line":16,"column":71}}],"line":16}},"s":{"0":0,"1":0,"2":0},"f":{"0":0},"b":{"0":[0,0],"1":[0,0],"2":[0,0]}}
[...]
ne":120,"column":17}}},"fnMap":{"0":{"name":"GameEconomyProvider","decl":{"start":{"line":21,"column":16},"end":{"line":21,"column":35}},"loc":{"start":{"line":21,"column":76},"end":{"line":113,"column":1}},"line":21},"1":{"name":"(anonymous_1)","decl":{"start":{"line":29,"column":12},"end":{"line":29,"column":13}},"loc":{"start":{"line":29,"column":18},"end":{"line":65,"column":3}},"line":29},"2":{"name":"(anonymous_2)","decl":{"start":{"line":30,"column":28},"end":{"line":30,"column":29}},"loc":{"start":{"line":30,"column":40},"end":{"line":60,"column":5}},"line":30},"3":{"name":"(anonymous_3)","decl":{"start":{"line":34,"column":26},"end":{"line":34,"column":27}},"loc":{"start":{"line":34,"column":37},"end":{"line":34,"column":61}},"line":34},"4":{"name":"(anonymous_4)","decl":{"start":{"line":67,"column":29},"end":{"line":67,"column":30}},"loc":{"start":{"line":67,"column":49},"end":{"line":71,"column":3}},"line":67},"5":{"name":"(anonymous_5)","decl":{"start":{"line":68,"column":20},"end":{"line":68,"column":21}},"loc":{"start":{"line":68,"column":30},"end":{"line":68,"column":43}},"line":68},"6":{"name":"(anonymous_6)","decl":{"start":{"line":75,"column":18},"end":{"line":75,"column":19}},"loc":{"start":{"line":75,"column":47},"end":{"line":97,"column":3}},"line":75},"7":{"name":"(anonymous_7)","decl":{"start":{"line":85,"column":22},"end":{"line":85,"column":23}},"loc":{"start":{"line":85,"column":33},"end":{"line":85,"column":58}},"line":85},"8":{"name":"(anonymous_8)","decl":{"start":{"line":89,"column":23},"end":{"line":89,"column":24}},"loc":{"start":{"line":89,"column":33},"end":{"line":93,"column":5}},"line":89},"9":{"name":"useGameEconomy","decl":{"start":{"line":115,"column":16},"end":{"line":115,"column":30}},"loc":{"start":{"line":115,"column":33},"end":{"line":121,"column":1}},"line":115}},"branchMap":{"0":{"loc":{"start":{"line":32,"column":6},"end":{"line":58,"column":7}},"type":"if","locations":[{"start":{"line":32,"column":6},"end":{"line":58,"column":7}},{"start":{"line":53,"column":13},"end":{"line":58,"column":7}}],"line":32},"1":{"loc":{"start":{"line":32,"column":10},"end":{"line":32,"column":33}},"type":"binary-expr","locations":[{"start":{"line":32,"column":10},"end":{"line":32,"column":25}},{"start":{"line":32,"column":29},"end":{"line":32,"column":33}}],"line":32},"2":{"loc":{"start":{"line":37,"column":24},"end":{"line":37,"column":58}},"type":"cond-expr","locations":[{"start":{"line":37,"column":48},"end":{"line":37,"column":52}},{"start":{"line":37,"column":55},"end":{"line":37,"column":58}}],"line":37},"3":{"loc":{"start":{"line":41,"column":42},"end":{"line":41,"column":99}},"type":"binary-expr","locations":[{"start":{"line":41,"column":42},"end":{"line":41,"column":92}},{"start":{"line":41,"column":96},"end":{"line":41,"column":99}}],"line":41},"4":{"loc":{"start":{"line":43,"column":8},"end":{"line":52,"column":9}},"type":"if","locations":[{"start":{"line":43,"column":8},"end":{"line":52,"column":9}},{"start":{"line":46,"column":15},"end":{"line":52,"column":9}}],"line":43},"5":{"loc":{"start":{"line":62,"column":4},"end":{"line":64,"column":5}},"type":"if","locations":[{"start":{"line":62,"column":4},"end":{"line":64,"column":5}},{"start":{},"end":{}}],"line":62},"6":{"loc":{"start":{"line":76,"column":4},"end":{"line":78,"column":5}},"type":"if","locations":[{"start":{"line":76,"column":4},"end":{"line":78,"column":5}},{"start":{},"end":{}}],"line":76},"7":{"loc":{"start":{"line":76,"column":8},"end":{"line":76,"column":33}},"type":"binary-expr","locations":[{"start":{"line":76,"column":8},"end":{"line":76,"column":24}},{"start":{"line":76,"column":28},"end":{"line":76,"column":33}}],"line":76},"8":{"loc":{"start":{"line":79,"column":4},"end":{"line":81,"column":5}},"type":"if","locations":[{"start":{"line":79,"column":4},"end":{"line":81,"column":5}},{"start":{},"end":{}}],"line":79},"9":{"loc":{"start":{"line":105,"column":15},"end":{"line":105,"column":39}},"type":"binary-expr","locations":[{"start":{"line":105,"column":15},"end":{"line":105,"column":24}},{"start":{"line":105,"column":28},"end":{"line":105,"column":39}}],"line":105},"10":{"loc":{"start":{"line":117,"column":2},"end":{"line":119,"column":3}},"type":"if","locations":[{"start":{"line":117,"column":2},"end":{"line":119,"column":3}},{"start":{},"end":{}}],"line":117}},"s":{"0":0,"1":0,"2":0,"3":0,"4":0,"5":0,"6":0,"7":0,"8":0,"9":0,"10":0,"11":0,"12":0,"13":0,"14":0,"15":0,"16":0,"17":0,"18":0,"19":0,"20":0,"21":0,"22":0,"23":0,"24":0,"25":0,"26":0,"27":0,"28":0,"29":0,"30":0,"31":0,"32":0,"33":0,"34":0,"35":0,"36":0,"37":0,"38":0,"39":0,"40":0,"41":0,"42":0,"43":0,"44":0,"45":0,"46":0,"47":0,"48":0,"49":0,"50":0,"51":0,"52":0,"53":0,"54":0,"55":0},"f":{"0":0,"1":0,"2":0,"3":0,"4":0,"5":0,"6":0,"7":0,"8":0,"9":0},"b":{"0":[0,0],"1":[0,0],"2":[0,0],"3":[0,0],"4":[0,0],"5":[0,0],"6":[0,0],"7":[0,0],"8":[0,0],"9":[0,0],"10":[0,0]}}
,"/data/projects/f9672b51-1577-4c40-81cc-9d002dfdf51c/src/i18n/I18nProvider.tsx": {"path":"/data/projects/f9672b51-1577-4c40-81cc-9d002dfdf51c/src/i18n/I18nProvider.tsx","statementMap":{"0":{"start":{"line":24,"column":18},"end":{"line":35,"column":1}},"1":{"start":{"line":37,"column":27},"end":{"line":37,"column":49}},"2":{"start":{"line":38,"column":24},"end":{"line":38,"column":28}},"3":{"start":{"line":41,"column":27},"end":{"line":64,"column":1}},"4":{"start":{"line":42,"column":19},"end":{"line":42,"column":23}},"5":{"start":{"line":43,"column":2},"end":{"line":51,"column":3}},"6":{"start":{"line":45,"column":4},"end":{"line":45,"column":60}},"7":{"start":{"line":48,"column":4},"end":{"line":50,"column":5}},"8":{"start":{"line":49,"column":6},"end":{"line":49,"column":56}},"9":{"start":{"line":53,"column":2},"end":{"line":55,"column":3}},"10":{"start":{"line":54,"column":4},"end":{"line":54,"column":22}},"11":{"start":{"line":58,"column":23},"end":{"line":58,"column":65}},"12":{"start":{"line":59,"column":2},"end":{"line":61,"column":3}},"13":{"start":{"line":60,"column":4},"end":{"line":60,"column":24}},"14":{"start":{"line":63,"column":2},"end":{"line":63,"column":25}},"15":{"start":{"line":67,"column":0},"end":{"line":84,"column":5}},"16":{"start":{"line":87,"column":0},"end":{"line":97,"column":3}},"17":{"start":{"line":88,"column":2},"end":{"line":88,"column":35}},"18":{"start":{"line":89,"column":2},"end":{"line":96,"column":3}},"19":{"start":{"line":90,"column":18},"end":{"line":90,"column":46}},"20":{"start":{"line":91,"column":4},"end":{"line":95,"column":5}},"21":{"start":{"line":92,"column":6},"end":{"line":92,"column":34}},"22":{"start":{"line":93,"column":6},"end":{"line":93,"column":34}},"23":{"start":{"line":104,"column":44},"end":{"line":104,"column":59}},"24":{"start":{"line":106,"column":2},"end":{"line":131,"column":22}},"25":{"start":{"line":107,"column":23},"end":{"line":111,"column":5}},"26":{"start":{"line":108,"column":26},"end":{"line":108,"column":52}},"27":{"start":{"line":109,"column":6},"end":{"line":109,"column":45}},"28":{"start":{"line":110,"column":6},"end":{"line":110,"column":29}},"29":{"start":{"line":113,"column":4},"end":{"line":115,"column":5}},"30":{"start":{"line":114,"column":6},"end":{"line":114,"column":19}},"31":{"start":{"line":118,"column":4},"end":{"line":130,"column":5}},"32":{"start":{"line":119,"column":28},"end":{"line":124,"column":7}},"33":{"start":{"line":120,"column":28},"end":{"line":120,"column":41}},"34":{"start":{"line":121,"column":22},"end":{"line":121,"column":50}},"35":{"start":{"line":122,"column":8},"end":{"line":122,"column":67}},"36":{"start":{"line":123,"column":8},"end":{"line":123,"column":76}},"37":{"start":{"line":125,"column":6},"end":{"line":125,"column":48}},"38":{"start":{"line":126,"column":6},"end":{"line":126,"column":22}},"39":{"start":{"line":127,"column":6},"end":{"line":129,"column":8}},"40":{"start":{"line":128,"column":8},"end":{"line":128,"column":51}},"41":{"start":{"line":133,"column":2},"end":{"line":135,"column":3}},"42":{"start":{"line":134,"column":4},"end":{"line":134,"column":16}},"43":{"start":{"line":137,"column":2},"end":{"line":137,"column":53}},"44":{"start":{"line":141,"column":17},"end":{"line":141,"column":86}},"45":{"start":{"line":141,"column":66},"end":{"line":141,"column":86}},"46":{"start":{"line":142,"column":23},"end":{"line":142,"column":50}},"47":{"start":{"line":142,"column":37},"end":{"line":142,"column":50}},"48":{"start":{"line":143,"column":30},"end":{"line":162,"column":1}},"49":{"start":{"line":144,"column":2},"end":{"line":150,"column":3}},"50":{"start":{"line":145,"column":4},"end":{"line":145,"column":57}},"51":{"start":{"line":147,"column":4},"end":{"line":149,"column":5}},"52":{"start":{"line":148,"column":6},"end":{"line":148,"column":53}},"53":{"start":{"line":151,"column":2},"end":{"line":151,"column":38}},"54":{"start":{"line":153,"column":2},"end":{"line":161,"column":3}},"55":{"start":{"line":154,"column":18},"end":{"line":154,"column":43}},"56":{"start":{"line":155,"column":4},"end":{"line":160,"column":5}},"57":{"start":{"line":156,"column":6},"end":{"line":156,"column":34}},"58":{"start":{"line":157,"column":6},"end":{"line":157,"column":34}},"59":{"start":{"line":164,"column":24},"end":{"line":167,"column":1}},"60":{"start":{"line":165,"column":22},"end":{"line":165,"column":47}},"61":{"start":{"line":166,"column":2},"end":{"line":166,"column":38}}},"fnMap":{"0":{"name":"(anonymous_0)","decl":{"start":{"line":41,"column":27},"end":{"line":41,"column":28}},"loc":{"start":{"line":41,"column":39},"end":{"line":64,"column":1}},"line":41},"1":{"name":"(anonymous_1)","decl":{"start":{"line":87,"column":26},"end":{"line":87,"column":27}},"loc":{"start":{"line":87,"column":41},"end":{"line":97,"column":1}},"line":87},"2":{"name":"I18nProvider","decl":{"start":{"line":103,"column":16},"end":{"line":103,"column":28}},"loc":{"start":{"line":103,"column":62},"end":{"line":138,"column":1}},"line":103},"3":{"name":"(anonymous_3)","decl":{"start":{"line":106,"column":12},"end":{"line":106,"column":13}},"loc":{"start":{"line":106,"column":18},"end":{"line":131,"column":3}},"line":106},"4":{"name":"(anonymous_4)","decl":{"start":{"line":107,"column":23},"end":{"line":107,"column":24}},"loc":{"start":{"line":107,"column":35},"end":{"line":111,"column":5}},"line":107},"5":{"name":"(anonymous_5)","decl":{"start":{"line":119,"column":28},"end":{"line":119,"column":29}},"loc":{"start":{"line":119,"column":34},"end":{"line":124,"column":7}},"line":119},"6":{"name":"(anonymous_6)","decl":{"start":{"line":127,"column":13},"end":{"line":127,"column":14}},"loc":{"start":{"line":127,"column":19},"end":{"line":129,"column":7}},"line":127},"7":{"name":"(anonymous_7)","decl":{"start":{"line":141,"column":17},"end":{"line":141,"column":18}},"loc":{"start":{"line":141,"column":66},"end":{"line":141,"column":86}},"line":141},"8":{"name":"(anonymous_8)","decl":{"start":{"line":142,"column":23},"end":{"line":142,"column":24}},"loc":{"start":{"line":142,"column":37},"end":{"line":142,"column":50}},"line":142},"9":{"name":"(anonymous_9)","decl":{"start":{"line":143,"column":30},"end":{"line":143,"column":31}},"loc":{"start":{"line":143,"column":58},"end":{"line":162,"column":1}},"line":143},"10":{"name":"(anonymous_10)","decl":{"start":{"line":164,"column":24},"end":{"line":164,"column":25}},"loc":{"start":{"line":164,"column":56},"end":{"line":167,"column":1}},"line":164}},"branchMap":{"0":{"loc":{"start":{"line":43,"column":2},"end":{"line":51,"column":3}},"type":"if","locations":[{"start":{"line":43,"column":2},"end":{"line":51,"column":3}},{"start":{"line":46,"column":9},"end":{"line":51,"column":3}}],"line":43},"1":{"loc":{"start":{"line":48,"column":4},"end":{"line":50,"column":5}},"type":"if","locations":[{"start":{"line":48,"column":4},"end":{"line":50,"column":5}},{"start":{},"end":{}}],"line":48},"2":{"loc":{"start":{"line":53,"column":2},"end":{"line":55,"column":3}},"type":"if","locations":[{"start":{"line":53,"column":2},"end":{"line":55,"column":3}},{"start":{},"end":{}}],"line":53},"3":{"loc":{"start":{"line":53,"column":6},"end":{"line":53,"column":59}},"type":"binary-expr","locations":[{"start":{"line":53,"column":6},"end":{"line":53,"column":16}},{"start":{"line":53,"column":20},"end":{"line":53,"column":59}}],"line":53},"4":{"loc":{"start":{"line":59,"column":2},"end":{"line":61,"column":3}},"type":"if","locations":[{"start":{"line":59,"column":2},"end":{"line":61,"column":3}},{"start":{},"end":{}}],"line":59},"5":{"loc":{"start":{"line":59,"column":6},"end":{"line":59,"column":63}},"type":"binary-expr","locations":[{"start":{"line":59,"column":6},"end":{"line":59,"column":18}},{"start":{"line":59,"column":22},"end":{"line":59,"column":63}}],"line":59},"6":{"loc":{"start":{"line":89,"column":2},"end":{"line":96,"column":3}},"type":"if","locations":[{"start":{"line":89,"column":2},"end":{"line":96,"column":3}},{"start":{},"end":{}}],"line":89},"7":{"loc":{"start":{"line":91,"column":4},"end":{"line":95,"column":5}},"type":"if","locations":[{"start":{"line":91,"column":4},"end":{"line":95,"column":5}},{"start":{},"end":{}}],"line":91},"8":{"loc":{"start":{"line":113,"column":4},"end":{"line":115,"column":5}},"type":"if","locations":[{"start":{"line":113,"column":4},"end":{"line":115,"column":5}},{"start":{},"end":{}}],"line":113},"9":{"loc":{"start":{"line":118,"column":4},"end":{"line":130,"column":5}},"type":"if","locations":[{"start":{"line":118,"column":4},"end":{"line":130,"column":5}},{"start":{},"end":{}}],"line":118},"10":{"loc":{"start":{"line":123,"column":53},"end":{"line":123,"column":74}},"type":"cond-expr","locations":[{"start":{"line":123,"column":61},"end":{"line":123,"column":66}},{"start":{"line":123,"column":69},"end":{"line":123,"column":74}}],"line":123},"11":{"loc":{"start":{"line":133,"column":2},"end":{"line":135,"column":3}},"type":"if","locations":[{"start":{"line":133,"column":2},"end":{"line":135,"column":3}},{"start":{},"end":{}}],"line":133},"12":{"loc":{"start":{"line":144,"column":2},"end":{"line":150,"column":3}},"type":"if","locations":[{"start":{"line":144,"column":2},"end":{"line":150,"column":3}},{"start":{"line":146,"column":9},"end":{"line":150,"column":3}}],"line":144},"13":{"loc":{"start":{"line":147,"column":4},"end":{"line":149,"column":5}},"type":"if","locations":[{"start":{"line":147,"column":4},"end":{"line":149,"column":5}},{"start":{},"end":{}}],"line":147},"14":{"loc":{"start":{"line":153,"column":2},"end":{"line":161,"column":3}},"type":"if","locations":[{"start":{"line":153,"column":2},"end":{"line":161,"column":3}},{"start":{},"end":{}}],"line":153},"15":{"loc":{"start":{"line":155,"column":4},"end":{"line":160,"column":5}},"type":"if","locations":[{"start":{"line":155,"column":4},"end":{"line":160,"column":5}},{"start":{},"end":{}}],"line":155},"16":{"loc":{"start":{"line":165,"column":22},"end":{"line":165,"column":47}},"type":"binary-expr","locations":[{"start":{"line":165,"column":22},"end":{"line":165,"column":30}},{"start":{"line":165,"column":34},"end":{"line":165,"column":47}}],"line":165}},"s":{"0":0,"1":0,"2":0,"3":0,"4":0,"5":0,"6":0,"7":0,"8":0,"9":0,"10":0,"11":0,"12":0,"13":0,"14":0,"15":0,"16":0,"17":0,"18":0,"19":0,"20":0,"21":0,"22":0,"23":0,"24":0,"25":0,"26":0,"27":0,"28":0,"29":0,"30":0,"31":0,"32":0,"33":0,"34":0,"35":0,"36":0,"37":0,"38":0,"39":0,"40":0,"41":0,"42":0,"43":0,"44":0,"45":0,"46":0,"47":0,"48":0,"49":0,"50":0,"51":0,"52":0,"53":0,"54":0,"55":0,"56":0,"57":0,"58":0,"59":0,"60":0,"61":0},"f":{"0":0,"1":0,"2":0,"3":0,"4":0,"5":0,"6":0,"7":0,"8":0,"9":0,"10":0},"b":{"0":[0,0],"1":[0,0],"2":[0,0],"3":[0,0],"4":[0,0],"5":[0,0],"6":[0,0],"7":[0,0],"8":[0,0],"9":[0,0],"10":[0,0],"11":[0,0],"12":[0,0],"13":[0,0],"14":[0,0],"15":[0,0],"16":[0,0]}}
,"/data/projects/f9672b51-1577-4c40-81cc-9d002dfdf51c/src/i18n/index.ts": {"path":"/data/projects/f9672b51-1577-4c40-81cc-9d002dfdf51c/src/i18n/index.ts","statementMap":{"0":{"start":{"line":6,"column":17},"end":{"line":8,"column":1}},"1":{"start":{"line":7,"column":2},"end":{"line":7,"column":30}},"2":{"start":{"line":10,"column":23},"end":{"line":12,"column":1}},"3":{"start":{"line":11,"column":2},"end":{"line":11,"column":56}},"4":{"start":{"line":14,"column":24},"end":{"line":18,"column":1}},"5":{"start":{"line":15,"column":22},"end":{"line":15,"column":43}},"6":{"start":{"line":16,"column":23},"end":{"line":16,"column":29}},"7":{"start":{"line":17,"column":2},"end":{"line":17,"column":44}},"8":{"start":{"line":20,"column":30},"end":{"line":44,"column":1}},"9":{"start":{"line":21,"column":2},"end":{"line":24,"column":3}},"10":{"start":{"line":22,"column":4},"end":{"line":22,"column":71}},"11":{"start":{"line":23,"column":4},"end":{"line":23,"column":11}},"12":{"start":{"line":26,"column":2},"end":{"line":26,"column":38}},"13":{"start":{"line":27,"column":2},"end":{"line":27,"column":56}},"14":{"start":{"line":29,"column":2},"end":{"line":43,"column":3}},"15":{"start":{"line":30,"column":18},"end":{"line":30,"column":36}},"16":{"start":{"line":31,"column":4},"end":{"line":38,"column":5}},"17":{"start":{"line":32,"column":6},"end":{"line":32,"column":34}},"18":{"start":{"line":33,"column":6},"end":{"line":33,"column":34}},"19":{"start":{"line":37,"column":6},"end":{"line":37,"column":106}},"20":{"start":{"line":41,"column":4},"end":{"line":41,"column":60}},"21":{"start":{"line":42,"column":4},"end":{"line":42,"column":85}}},"fnMap":{"0":{"name":"(anonymous_0)","decl":{"start":{"line":6,"column":17},"end":{"line":6,"column":18}},"loc":{"start":{"line":6,"column":66},"end":{"line":8,"column":1}},"line":6},"1":{"name":"(anonymous_1)","decl":{"start":{"line":10,"column":23},"end":{"line":10,"column":24}},"loc":{"start":{"line":10,"column":43},"end":{"line":12,"column":1}},"line":10},"2":{"name":"(anonymous_2)","decl":{"start":{"line":14,"column":24},"end":{"line":14,"column":25}},"loc":{"start":{"line":14,"column":62},"end":{"line":18,"column":1}},"line":14},"3":{"name":"(anonymous_3)","decl":{"start":{"line":20,"column":30},"end":{"line":20,"column":31}},"loc":{"start":{"line":20,"column":64},"end":{"line":44,"column":1}},"line":20}},"branchMap":{"0":{"loc":{"start":{"line":11,"column":10},"end":{"line":11,"column":38}},"type":"binary-expr","locations":[{"start":{"line":11,"column":10},"end":{"line":11,"column":23}},{"start":{"line":11,"column":27},"end":{"line":11,"column":38}}],"line":11},"1":{"loc":{"start":{"line":15,"column":22},"end":{"line":15,"column":43}},"type":"binary-expr","locations":[{"start":{"line":15,"column":22},"end":{"line":15,"column":30}},{"start":{"line":15,"column":34},"end":{"line":15,"column":43}}],"line":15},"2":{"loc":{"start":{"line":21,"column":2},"end":{"line":24,"column":3}},"type":"if","locations":[{"start":{"line":21,"column":2},"end":{"line":24,"column":3}},{"start":{},"end":{}}],"line":21},"3":{"loc":{"start":{"line":29,"column":2},"end":{"line":43,"column":3}},"type":"if","locations":[{"start":{"line":29,"column":2},"end":{"line":43,"column":3}},{"start":{"line":39,"column":9},"end":{"line":43,"column":3}}],"line":29},"4":{"loc":{"start":{"line":31,"column":4},"end":{"line":38,"column":5}},"type":"if","locations":[{"start":{"line":31,"column":4},"end":{"line":38,"column":5}},{"start":{},"end":{}}],"line":31},"5":{"loc":{"start":{"line":42,"column":49},"end":{"line":42,"column":83}},"type":"cond-expr","locations":[{"start":{"line":42,"column":70},"end":{"line":42,"column":75}},{"start":{"line":42,"column":78},"end":{"line":42,"column":83}}],"line":42}},"s":{"0":0,"1":0,"2":0,"3":0,"4":0,"5":0,"6":0,"7":0,"8":0,"9":0,"10":0,"11":0,"12":0,"13":0,"14":0,"15":0,"16":0,"17":0,"18":0,"19":0,"20":0,"21":0},"f":{"0":0,"1":0,"2":0,"3":0},"b":{"0":[0,0],"1":[0,0],"2":[0,0],"3":[0,0],"4":[0,0],"5":[0,0]}}
,"/data/projects/f9672b51-1577-4c40-81cc-9d002dfdf51c/src/types/index.ts": {"path":"/data/projects/f9672b51-1577-4c40-81cc-9d002dfdf51c/src/types/index.ts","statementMap":{},"fnMap":{},"branchMap":{},"s":{},"f":{},"b":{}}
}
